2023/11/29 20:26:04 menu.go:76: Name : 
2023/11/29 20:26:04 menu.go:76: Name : 
2023/11/29 20:26:04 menu.go:76: Name : 
2023/11/29 20:26:04 menu.go:76: Name : 
2023/11/29 20:26:04 menu.go:76: Name : 
2023/11/29 20:26:04 menu.go:76: Name : 
2023/11/29 20:26:04 menu.go:76: Name : 
2023/11/29 20:26:04 menu.go:76: Name : 
2023/11/29 20:26:04 menu.go:76: Name : 
2023/11/29 20:26:04 menu.go:76: Name : 
2023/11/29 20:26:05 menu.go:76: Name : 
2023/11/29 20:26:05 menu.go:76: Name : 
2023/11/29 20:26:05 menu.go:76: Name : 
2023/11/29 20:26:05 menu.go:76: Name : 
2023/11/29 20:26:05 menu.go:76: Name : 
2023/11/29 20:26:05 menu.go:76: Name : 
2023/11/29 20:26:05 menu.go:76: Name : 
2023/11/29 20:26:05 menu.go:76: Name : 
2023/11/29 20:26:05 menu.go:76: Name : 
2023/11/29 20:26:05 menu.go:76: Name : 
2023/11/29 20:26:06 menu.go:76: Name : 
2023/11/29 20:26:06 menu.go:76: Name : 
2023/11/29 20:26:06 menu.go:76: Name : 
2023/11/29 20:26:06 menu.go:76: Name : 
2023/11/29 20:26:06 menu.go:76: Name : 
2023/11/29 20:26:06 menu.go:76: Name : 
2023/11/29 20:26:06 menu.go:76: Name : 
2023/11/29 20:26:06 menu.go:76: Name : 
2023/11/29 20:26:06 menu.go:76: Name : 
2023/11/29 20:26:06 menu.go:76: Name : 
2023/11/29 20:26:37 menu.go:76: Name : 
2023/11/29 20:26:37 menu.go:76: Name : 
2023/11/29 20:26:37 menu.go:76: Name : 
2023/11/29 20:26:37 menu.go:76: Name : 
2023/11/29 20:26:37 menu.go:76: Name : 
2023/11/29 20:26:37 menu.go:76: Name : 
2023/11/29 20:26:37 menu.go:76: Name : 
2023/11/29 20:26:37 menu.go:76: Name : 
2023/11/29 20:26:37 menu.go:76: Name : 
2023/11/29 20:26:37 menu.go:76: Name : 
2023/11/29 20:28:29 Name : mnuDelete
2023/11/29 20:28:29 Name2 : 
2023/11/29 20:28:29 Name : mnuRename
2023/11/29 20:28:29 Name2 : 
2023/11/29 20:28:29 Name : mnuCreateFile
2023/11/29 20:28:29 Name2 : 
2023/11/29 20:28:29 Name : mnuCreateFolder
2023/11/29 20:28:29 Name2 : 
2023/11/29 20:28:29 Name : mnuCreateLink
2023/11/29 20:28:29 Name2 : 
2023/11/29 20:28:29 Name : mnuZip
2023/11/29 20:28:29 Name2 : 
2023/11/29 20:28:29 Name : mnuHashes
2023/11/29 20:28:29 Name2 : 
2023/11/29 20:28:29 Name : mnuEncrypt
2023/11/29 20:28:29 Name2 : 
2023/11/29 20:28:29 Name : mnuShowHiddenFiles
2023/11/29 20:28:29 Name2 : 
2023/11/29 20:28:29 Name : mnuSort
2023/11/29 20:28:29 Name2 : 
2023/11/29 20:30:31 Name : mnuDelete
2023/11/29 20:30:31 Name2 : mnuDelete
2023/11/29 20:30:31 Name : mnuRename
2023/11/29 20:30:31 Name2 : mnuRename
2023/11/29 20:30:31 Name : mnuCreateFile
2023/11/29 20:30:31 Name2 : mnuCreateFile
2023/11/29 20:30:31 Name : mnuCreateFolder
2023/11/29 20:30:31 Name2 : mnuCreateFolder
2023/11/29 20:30:31 Name : mnuCreateLink
2023/11/29 20:30:31 Name2 : mnuCreateLink
2023/11/29 20:30:31 Name : mnuZip
2023/11/29 20:30:31 Name2 : mnuZip
2023/11/29 20:30:31 Name : mnuHashes
2023/11/29 20:30:31 Name2 : mnuHashes
2023/11/29 20:30:31 Name : mnuEncrypt
2023/11/29 20:30:31 Name2 : mnuEncrypt
2023/11/29 20:30:31 Name : mnuShowHiddenFiles
2023/11/29 20:30:31 Name2 : mnuShowHiddenFiles
2023/11/29 20:30:31 Name : mnuSort
2023/11/29 20:30:31 Name2 : mnuSort
2023/11/29 20:30:33 Name : mnuDelete
2023/11/29 20:30:33 Name2 : mnuDelete
2023/11/29 20:30:33 Name : mnuRename
2023/11/29 20:30:33 Name2 : mnuRename
2023/11/29 20:30:33 Name : mnuCreateFile
2023/11/29 20:30:33 Name2 : mnuCreateFile
2023/11/29 20:30:33 Name : mnuCreateFolder
2023/11/29 20:30:33 Name2 : mnuCreateFolder
2023/11/29 20:30:33 Name : mnuCreateLink
2023/11/29 20:30:33 Name2 : mnuCreateLink
2023/11/29 20:30:33 Name : mnuZip
2023/11/29 20:30:33 Name2 : mnuZip
2023/11/29 20:30:33 Name : mnuHashes
2023/11/29 20:30:33 Name2 : mnuHashes
2023/11/29 20:30:33 Name : mnuEncrypt
2023/11/29 20:30:33 Name2 : mnuEncrypt
2023/11/29 20:30:33 Name : mnuShowHiddenFiles
2023/11/29 20:30:33 Name2 : mnuShowHiddenFiles
2023/11/29 20:30:33 Name : mnuSort
2023/11/29 20:30:33 Name2 : mnuSort
2023/11/29 20:30:34 Name : mnuDelete
2023/11/29 20:30:34 Name2 : mnuDelete
2023/11/29 20:30:34 Name : mnuRename
2023/11/29 20:30:34 Name2 : mnuRename
2023/11/29 20:30:34 Name : mnuCreateFile
2023/11/29 20:30:34 Name2 : mnuCreateFile
2023/11/29 20:30:34 Name : mnuCreateFolder
2023/11/29 20:30:34 Name2 : mnuCreateFolder
2023/11/29 20:30:34 Name : mnuCreateLink
2023/11/29 20:30:34 Name2 : mnuCreateLink
2023/11/29 20:30:34 Name : mnuZip
2023/11/29 20:30:34 Name2 : mnuZip
2023/11/29 20:30:34 Name : mnuHashes
2023/11/29 20:30:34 Name2 : mnuHashes
2023/11/29 20:30:34 Name : mnuEncrypt
2023/11/29 20:30:34 Name2 : mnuEncrypt
2023/11/29 20:30:34 Name : mnuShowHiddenFiles
2023/11/29 20:30:34 Name2 : mnuShowHiddenFiles
2023/11/29 20:30:34 Name : mnuSort
2023/11/29 20:30:34 Name2 : mnuSort
2023/11/29 20:31:11 Name : mnuDelete
2023/11/29 20:31:11 Name2 : mnuDelete
2023/11/29 20:31:11 Name : mnuRename
2023/11/29 20:31:11 Name2 : mnuRename
2023/11/29 20:31:11 Name : mnuCreateFile
2023/11/29 20:31:11 Name2 : mnuCreateFile
2023/11/29 20:31:11 Name : mnuCreateFolder
2023/11/29 20:31:11 Name2 : mnuCreateFolder
2023/11/29 20:31:11 Name : mnuCreateLink
2023/11/29 20:31:11 Name2 : mnuCreateLink
2023/11/29 20:31:11 Name : mnuZip
2023/11/29 20:31:11 Name2 : mnuZip
2023/11/29 20:31:11 Name : mnuHashes
2023/11/29 20:31:11 Name2 : mnuHashes
2023/11/29 20:31:11 Name : mnuEncrypt
2023/11/29 20:31:11 Name2 : mnuEncrypt
2023/11/29 20:31:11 Name : mnuShowHiddenFiles
2023/11/29 20:31:11 Name2 : mnuShowHiddenFiles
2023/11/29 20:31:11 Name : mnuSort
2023/11/29 20:31:11 Name2 : mnuSort
2023/11/30 07:32:36 Name : mnuDelete
2023/11/30 07:32:36 Name2 : mnuDelete
2023/11/30 07:32:36 Name : mnuRename
2023/11/30 07:32:36 Name2 : mnuRename
2023/11/30 07:32:36 Name : mnuCreateFile
2023/11/30 07:32:36 Name2 : mnuCreateFile
2023/11/30 07:32:36 Name : mnuCreateFolder
2023/11/30 07:32:36 Name2 : mnuCreateFolder
2023/11/30 07:32:36 Name : mnuCreateLink
2023/11/30 07:32:36 Name2 : mnuCreateLink
2023/11/30 07:32:36 Name : mnuZip
2023/11/30 07:32:36 Name2 : mnuZip
2023/11/30 07:32:36 Name : mnuHashes
2023/11/30 07:32:36 Name2 : mnuHashes
2023/11/30 07:32:36 Name : mnuEncrypt
2023/11/30 07:32:36 Name2 : mnuEncrypt
2023/11/30 07:32:36 Name : mnuShowHiddenFiles
2023/11/30 07:32:36 Name2 : mnuShowHiddenFiles
2023/11/30 07:32:36 Name : mnuSort
2023/11/30 07:32:36 Name2 : mnuSort
2023/11/30 07:32:38 Name : mnuDelete
2023/11/30 07:32:38 Name2 : mnuDelete
2023/11/30 07:32:38 Name : mnuRename
2023/11/30 07:32:38 Name2 : mnuRename
2023/11/30 07:32:38 Name : mnuCreateFile
2023/11/30 07:32:38 Name2 : mnuCreateFile
2023/11/30 07:32:38 Name : mnuCreateFolder
2023/11/30 07:32:38 Name2 : mnuCreateFolder
2023/11/30 07:32:38 Name : mnuCreateLink
2023/11/30 07:32:38 Name2 : mnuCreateLink
2023/11/30 07:32:38 Name : mnuZip
2023/11/30 07:32:38 Name2 : mnuZip
2023/11/30 07:32:38 Name : mnuHashes
2023/11/30 07:32:38 Name2 : mnuHashes
2023/11/30 07:32:38 Name : mnuEncrypt
2023/11/30 07:32:38 Name2 : mnuEncrypt
2023/11/30 07:32:38 Name : mnuShowHiddenFiles
2023/11/30 07:32:38 Name2 : mnuShowHiddenFiles
2023/11/30 07:32:38 Name : mnuSort
2023/11/30 07:32:38 Name2 : mnuSort
2023/11/30 07:32:39 Name : mnuDelete
2023/11/30 07:32:39 Name2 : mnuDelete
2023/11/30 07:32:39 Name : mnuRename
2023/11/30 07:32:39 Name2 : mnuRename
2023/11/30 07:32:39 Name : mnuCreateFile
2023/11/30 07:32:39 Name2 : mnuCreateFile
2023/11/30 07:32:39 Name : mnuCreateFolder
2023/11/30 07:32:39 Name2 : mnuCreateFolder
2023/11/30 07:32:39 Name : mnuCreateLink
2023/11/30 07:32:39 Name2 : mnuCreateLink
2023/11/30 07:32:39 Name : mnuZip
2023/11/30 07:32:39 Name2 : mnuZip
2023/11/30 07:32:39 Name : mnuHashes
2023/11/30 07:32:39 Name2 : mnuHashes
2023/11/30 07:32:39 Name : mnuEncrypt
2023/11/30 07:32:39 Name2 : mnuEncrypt
2023/11/30 07:32:39 Name : mnuShowHiddenFiles
2023/11/30 07:32:39 Name2 : mnuShowHiddenFiles
2023/11/30 07:32:39 Name : mnuSort
2023/11/30 07:32:39 Name2 : mnuSort
2023/11/30 07:32:40 Name : mnuDelete
2023/11/30 07:32:40 Name2 : mnuDelete
2023/11/30 07:32:40 Name : mnuRename
2023/11/30 07:32:40 Name2 : mnuRename
2023/11/30 07:32:40 Name : mnuCreateFile
2023/11/30 07:32:40 Name2 : mnuCreateFile
2023/11/30 07:32:40 Name : mnuCreateFolder
2023/11/30 07:32:40 Name2 : mnuCreateFolder
2023/11/30 07:32:40 Name : mnuCreateLink
2023/11/30 07:32:40 Name2 : mnuCreateLink
2023/11/30 07:32:40 Name : mnuZip
2023/11/30 07:32:40 Name2 : mnuZip
2023/11/30 07:32:40 Name : mnuHashes
2023/11/30 07:32:40 Name2 : mnuHashes
2023/11/30 07:32:40 Name : mnuEncrypt
2023/11/30 07:32:40 Name2 : mnuEncrypt
2023/11/30 07:32:40 Name : mnuShowHiddenFiles
2023/11/30 07:32:40 Name2 : mnuShowHiddenFiles
2023/11/30 07:32:40 Name : mnuSort
2023/11/30 07:32:40 Name2 : mnuSort
2023/11/30 07:32:41 Name : mnuDelete
2023/11/30 07:32:41 Name2 : mnuDelete
2023/11/30 07:32:41 Name : mnuRename
2023/11/30 07:32:41 Name2 : mnuRename
2023/11/30 07:32:41 Name : mnuCreateFile
2023/11/30 07:32:41 Name2 : mnuCreateFile
2023/11/30 07:32:41 Name : mnuCreateFolder
2023/11/30 07:32:41 Name2 : mnuCreateFolder
2023/11/30 07:32:41 Name : mnuCreateLink
2023/11/30 07:32:41 Name2 : mnuCreateLink
2023/11/30 07:32:41 Name : mnuZip
2023/11/30 07:32:41 Name2 : mnuZip
2023/11/30 07:32:41 Name : mnuHashes
2023/11/30 07:32:41 Name2 : mnuHashes
2023/11/30 07:32:41 Name : mnuEncrypt
2023/11/30 07:32:41 Name2 : mnuEncrypt
2023/11/30 07:32:41 Name : mnuShowHiddenFiles
2023/11/30 07:32:41 Name2 : mnuShowHiddenFiles
2023/11/30 07:32:41 Name : mnuSort
2023/11/30 07:32:41 Name2 : mnuSort
2023/11/30 07:46:58 Name : mnuDelete
2023/11/30 07:46:58 Name2 : mnuDelete
2023/11/30 07:46:58 Name : mnuRename
2023/11/30 07:46:58 Name2 : mnuRename
2023/11/30 07:46:58 Name : mnuCreateFile
2023/11/30 07:46:58 Name2 : mnuCreateFile
2023/11/30 07:46:58 Name : mnuCreateFolder
2023/11/30 07:46:58 Name2 : mnuCreateFolder
2023/11/30 07:46:58 Name : mnuCreateLink
2023/11/30 07:46:58 Name2 : mnuCreateLink
2023/11/30 07:46:58 Name : mnuZip
2023/11/30 07:46:58 Name2 : mnuZip
2023/11/30 07:46:58 Name : mnuHashes
2023/11/30 07:46:58 Name2 : mnuHashes
2023/11/30 07:46:58 Name : mnuEncrypt
2023/11/30 07:46:58 Name2 : mnuEncrypt
2023/11/30 07:46:58 Name : mnuShowHiddenFiles
2023/11/30 07:46:58 Name2 : mnuShowHiddenFiles
2023/11/30 07:46:58 Name : mnuSort
2023/11/30 07:46:58 Name2 : mnuSort
2023/11/30 07:47:02 Name : mnuDelete
2023/11/30 07:47:02 Name2 : mnuDelete
2023/11/30 07:47:02 Name : mnuRename
2023/11/30 07:47:02 Name2 : mnuRename
2023/11/30 07:47:02 Name : mnuCreateFile
2023/11/30 07:47:02 Name2 : mnuCreateFile
2023/11/30 07:47:02 Name : mnuCreateFolder
2023/11/30 07:47:02 Name2 : mnuCreateFolder
2023/11/30 07:47:02 Name : mnuCreateLink
2023/11/30 07:47:02 Name2 : mnuCreateLink
2023/11/30 07:47:02 Name : mnuZip
2023/11/30 07:47:02 Name2 : mnuZip
2023/11/30 07:47:02 Name : mnuHashes
2023/11/30 07:47:02 Name2 : mnuHashes
2023/11/30 07:47:02 Name : mnuEncrypt
2023/11/30 07:47:02 Name2 : mnuEncrypt
2023/11/30 07:47:02 Name : mnuShowHiddenFiles
2023/11/30 07:47:02 Name2 : mnuShowHiddenFiles
2023/11/30 07:47:02 Name : mnuSort
2023/11/30 07:47:02 Name2 : mnuSort
2023/11/30 07:47:04 Name : mnuDelete
2023/11/30 07:47:04 Name2 : mnuDelete
2023/11/30 07:47:04 Name : mnuRename
2023/11/30 07:47:04 Name2 : mnuRename
2023/11/30 07:47:04 Name : mnuCreateFile
2023/11/30 07:47:04 Name2 : mnuCreateFile
2023/11/30 07:47:04 Name : mnuCreateFolder
2023/11/30 07:47:04 Name2 : mnuCreateFolder
2023/11/30 07:47:04 Name : mnuCreateLink
2023/11/30 07:47:04 Name2 : mnuCreateLink
2023/11/30 07:47:04 Name : mnuZip
2023/11/30 07:47:04 Name2 : mnuZip
2023/11/30 07:47:04 Name : mnuHashes
2023/11/30 07:47:04 Name2 : mnuHashes
2023/11/30 07:47:04 Name : mnuEncrypt
2023/11/30 07:47:04 Name2 : mnuEncrypt
2023/11/30 07:47:04 Name : mnuShowHiddenFiles
2023/11/30 07:47:04 Name2 : mnuShowHiddenFiles
2023/11/30 07:47:04 Name : mnuSort
2023/11/30 07:47:04 Name2 : mnuSort
2023/11/30 07:47:07 Name : mnuDelete
2023/11/30 07:47:07 Name2 : mnuDelete
2023/11/30 07:47:07 Name : mnuRename
2023/11/30 07:47:07 Name2 : mnuRename
2023/11/30 07:47:07 Name : mnuCreateFile
2023/11/30 07:47:07 Name2 : mnuCreateFile
2023/11/30 07:47:07 Name : mnuCreateFolder
2023/11/30 07:47:07 Name2 : mnuCreateFolder
2023/11/30 07:47:07 Name : mnuCreateLink
2023/11/30 07:47:07 Name2 : mnuCreateLink
2023/11/30 07:47:07 Name : mnuZip
2023/11/30 07:47:07 Name2 : mnuZip
2023/11/30 07:47:07 Name : mnuHashes
2023/11/30 07:47:07 Name2 : mnuHashes
2023/11/30 07:47:07 Name : mnuEncrypt
2023/11/30 07:47:07 Name2 : mnuEncrypt
2023/11/30 07:47:07 Name : mnuShowHiddenFiles
2023/11/30 07:47:07 Name2 : mnuShowHiddenFiles
2023/11/30 07:47:07 Name : mnuSort
2023/11/30 07:47:07 Name2 : mnuSort
2023/11/30 11:18:35 Name : mnuDelete
2023/11/30 11:18:35 Name2 : mnuDelete
2023/11/30 11:18:35 Name : mnuRename
2023/11/30 11:18:35 Name2 : mnuRename
2023/11/30 11:18:35 Name : mnuCreateFile
2023/11/30 11:18:35 Name2 : mnuCreateFile
2023/11/30 11:18:35 Name : mnuCreateFolder
2023/11/30 11:18:35 Name2 : mnuCreateFolder
2023/11/30 11:18:35 Name : mnuCreateLink
2023/11/30 11:18:35 Name2 : mnuCreateLink
2023/11/30 11:18:35 Name : mnuZip
2023/11/30 11:18:35 Name2 : mnuZip
2023/11/30 11:18:35 Name : mnuHashes
2023/11/30 11:18:35 Name2 : mnuHashes
2023/11/30 11:18:35 Name : mnuEncrypt
2023/11/30 11:18:35 Name2 : mnuEncrypt
2023/11/30 11:18:35 Name : mnuShowHiddenFiles
2023/11/30 11:18:35 Name2 : mnuShowHiddenFiles
2023/11/30 11:18:35 Name : mnuSort
2023/11/30 11:18:35 Name2 : mnuSort
2023/11/30 11:18:36 Name : mnuDelete
2023/11/30 11:18:36 Name2 : mnuDelete
2023/11/30 11:18:36 Name : mnuRename
2023/11/30 11:18:36 Name2 : mnuRename
2023/11/30 11:18:36 Name : mnuCreateFile
2023/11/30 11:18:36 Name2 : mnuCreateFile
2023/11/30 11:18:36 Name : mnuCreateFolder
2023/11/30 11:18:36 Name2 : mnuCreateFolder
2023/11/30 11:18:36 Name : mnuCreateLink
2023/11/30 11:18:36 Name2 : mnuCreateLink
2023/11/30 11:18:36 Name : mnuZip
2023/11/30 11:18:36 Name2 : mnuZip
2023/11/30 11:18:36 Name : mnuHashes
2023/11/30 11:18:36 Name2 : mnuHashes
2023/11/30 11:18:36 Name : mnuEncrypt
2023/11/30 11:18:36 Name2 : mnuEncrypt
2023/11/30 11:18:36 Name : mnuShowHiddenFiles
2023/11/30 11:18:36 Name2 : mnuShowHiddenFiles
2023/11/30 11:18:36 Name : mnuSort
2023/11/30 11:18:36 Name2 : mnuSort
2023/11/30 11:18:37 Name : mnuDelete
2023/11/30 11:18:37 Name2 : mnuDelete
2023/11/30 11:18:37 Name : mnuRename
2023/11/30 11:18:37 Name2 : mnuRename
2023/11/30 11:18:37 Name : mnuCreateFile
2023/11/30 11:18:37 Name2 : mnuCreateFile
2023/11/30 11:18:37 Name : mnuCreateFolder
2023/11/30 11:18:37 Name2 : mnuCreateFolder
2023/11/30 11:18:37 Name : mnuCreateLink
2023/11/30 11:18:37 Name2 : mnuCreateLink
2023/11/30 11:18:37 Name : mnuZip
2023/11/30 11:18:37 Name2 : mnuZip
2023/11/30 11:18:37 Name : mnuHashes
2023/11/30 11:18:37 Name2 : mnuHashes
2023/11/30 11:18:37 Name : mnuEncrypt
2023/11/30 11:18:37 Name2 : mnuEncrypt
2023/11/30 11:18:37 Name : mnuShowHiddenFiles
2023/11/30 11:18:37 Name2 : mnuShowHiddenFiles
2023/11/30 11:18:37 Name : mnuSort
2023/11/30 11:18:37 Name2 : mnuSort
2023/11/30 11:18:39 Name : mnuDelete
2023/11/30 11:18:39 Name2 : mnuDelete
2023/11/30 11:18:39 Name : mnuRename
2023/11/30 11:18:39 Name2 : mnuRename
2023/11/30 11:18:39 Name : mnuCreateFile
2023/11/30 11:18:39 Name2 : mnuCreateFile
2023/11/30 11:18:39 Name : mnuCreateFolder
2023/11/30 11:18:39 Name2 : mnuCreateFolder
2023/11/30 11:18:39 Name : mnuCreateLink
2023/11/30 11:18:39 Name2 : mnuCreateLink
2023/11/30 11:18:39 Name : mnuZip
2023/11/30 11:18:39 Name2 : mnuZip
2023/11/30 11:18:39 Name : mnuHashes
2023/11/30 11:18:39 Name2 : mnuHashes
2023/11/30 11:18:39 Name : mnuEncrypt
2023/11/30 11:18:39 Name2 : mnuEncrypt
2023/11/30 11:18:39 Name : mnuShowHiddenFiles
2023/11/30 11:18:39 Name2 : mnuShowHiddenFiles
2023/11/30 11:18:39 Name : mnuSort
2023/11/30 11:18:39 Name2 : mnuSort
2023/11/30 14:32:19 Name : mnuDelete
2023/11/30 14:32:19 Name2 : mnuDelete
2023/11/30 14:32:19 Name : mnuRename
2023/11/30 14:32:19 Name2 : mnuRename
2023/11/30 14:32:19 Name : mnuCreateFile
2023/11/30 14:32:19 Name2 : mnuCreateFile
2023/11/30 14:32:19 Name : mnuCreateFolder
2023/11/30 14:32:19 Name2 : mnuCreateFolder
2023/11/30 14:32:19 Name : mnuCreateLink
2023/11/30 14:32:19 Name2 : mnuCreateLink
2023/11/30 14:32:19 Name : mnuZip
2023/11/30 14:32:19 Name2 : mnuZip
2023/11/30 14:32:19 Name : mnuHashes
2023/11/30 14:32:19 Name2 : mnuHashes
2023/11/30 14:32:19 Name : mnuEncrypt
2023/11/30 14:32:19 Name2 : mnuEncrypt
2023/11/30 14:32:19 Name : mnuShowHiddenFiles
2023/11/30 14:32:19 Name2 : mnuShowHiddenFiles
2023/11/30 14:32:19 Name : mnuSort
2023/11/30 14:32:19 Name2 : mnuSort
2023/11/30 14:32:20 Name : mnuDelete
2023/11/30 14:32:20 Name2 : mnuDelete
2023/11/30 14:32:20 Name : mnuRename
2023/11/30 14:32:20 Name2 : mnuRename
2023/11/30 14:32:20 Name : mnuCreateFile
2023/11/30 14:32:20 Name2 : mnuCreateFile
2023/11/30 14:32:20 Name : mnuCreateFolder
2023/11/30 14:32:20 Name2 : mnuCreateFolder
2023/11/30 14:32:20 Name : mnuCreateLink
2023/11/30 14:32:20 Name2 : mnuCreateLink
2023/11/30 14:32:20 Name : mnuZip
2023/11/30 14:32:20 Name2 : mnuZip
2023/11/30 14:32:20 Name : mnuHashes
2023/11/30 14:32:20 Name2 : mnuHashes
2023/11/30 14:32:20 Name : mnuEncrypt
2023/11/30 14:32:20 Name2 : mnuEncrypt
2023/11/30 14:32:20 Name : mnuShowHiddenFiles
2023/11/30 14:32:20 Name2 : mnuShowHiddenFiles
2023/11/30 14:32:20 Name : mnuSort
2023/11/30 14:32:20 Name2 : mnuSort
2023/11/30 14:32:21 Name : mnuDelete
2023/11/30 14:32:21 Name2 : mnuDelete
2023/11/30 14:32:21 Name : mnuRename
2023/11/30 14:32:21 Name2 : mnuRename
2023/11/30 14:32:21 Name : mnuCreateFile
2023/11/30 14:32:21 Name2 : mnuCreateFile
2023/11/30 14:32:21 Name : mnuCreateFolder
2023/11/30 14:32:21 Name2 : mnuCreateFolder
2023/11/30 14:32:21 Name : mnuCreateLink
2023/11/30 14:32:21 Name2 : mnuCreateLink
2023/11/30 14:32:21 Name : mnuZip
2023/11/30 14:32:21 Name2 : mnuZip
2023/11/30 14:32:21 Name : mnuHashes
2023/11/30 14:32:21 Name2 : mnuHashes
2023/11/30 14:32:21 Name : mnuEncrypt
2023/11/30 14:32:21 Name2 : mnuEncrypt
2023/11/30 14:32:21 Name : mnuShowHiddenFiles
2023/11/30 14:32:21 Name2 : mnuShowHiddenFiles
2023/11/30 14:32:21 Name : mnuSort
2023/11/30 14:32:21 Name2 : mnuSort
2023/11/30 14:54:08 Name : mnuDelete
2023/11/30 14:54:08 Name2 : mnuDelete
2023/11/30 14:54:08 Name : mnuRename
2023/11/30 14:54:08 Name2 : mnuRename
2023/11/30 14:54:08 Name : mnuCreateFile
2023/11/30 14:54:08 Name2 : mnuCreateFile
2023/11/30 14:54:08 Name : mnuCreateFolder
2023/11/30 14:54:08 Name2 : mnuCreateFolder
2023/11/30 14:54:08 Name : mnuCreateLink
2023/11/30 14:54:08 Name2 : mnuCreateLink
2023/11/30 14:54:08 Name : mnuZip
2023/11/30 14:54:08 Name2 : mnuZip
2023/11/30 14:54:08 Name : mnuHashes
2023/11/30 14:54:08 Name2 : mnuHashes
2023/11/30 14:54:08 Name : mnuEncrypt
2023/11/30 14:54:08 Name2 : mnuEncrypt
2023/11/30 14:54:08 Name : mnuShowHiddenFiles
2023/11/30 14:54:08 Name2 : mnuShowHiddenFiles
2023/11/30 14:54:08 Name : mnuSort
2023/11/30 14:54:08 Name2 : mnuSort
2023/11/30 14:54:09 Name : mnuDelete
2023/11/30 14:54:09 Name2 : mnuDelete
2023/11/30 14:54:09 Name : mnuRename
2023/11/30 14:54:09 Name2 : mnuRename
2023/11/30 14:54:09 Name : mnuCreateFile
2023/11/30 14:54:09 Name2 : mnuCreateFile
2023/11/30 14:54:09 Name : mnuCreateFolder
2023/11/30 14:54:09 Name2 : mnuCreateFolder
2023/11/30 14:54:09 Name : mnuCreateLink
2023/11/30 14:54:09 Name2 : mnuCreateLink
2023/11/30 14:54:09 Name : mnuZip
2023/11/30 14:54:09 Name2 : mnuZip
2023/11/30 14:54:09 Name : mnuHashes
2023/11/30 14:54:09 Name2 : mnuHashes
2023/11/30 14:54:09 Name : mnuEncrypt
2023/11/30 14:54:09 Name2 : mnuEncrypt
2023/11/30 14:54:09 Name : mnuShowHiddenFiles
2023/11/30 14:54:09 Name2 : mnuShowHiddenFiles
2023/11/30 14:54:09 Name : mnuSort
2023/11/30 14:54:09 Name2 : mnuSort
2023/11/30 14:54:10 Name : mnuDelete
2023/11/30 14:54:10 Name2 : mnuDelete
2023/11/30 14:54:10 Name : mnuRename
2023/11/30 14:54:10 Name2 : mnuRename
2023/11/30 14:54:10 Name : mnuCreateFile
2023/11/30 14:54:10 Name2 : mnuCreateFile
2023/11/30 14:54:10 Name : mnuCreateFolder
2023/11/30 14:54:10 Name2 : mnuCreateFolder
2023/11/30 14:54:10 Name : mnuCreateLink
2023/11/30 14:54:10 Name2 : mnuCreateLink
2023/11/30 14:54:10 Name : mnuZip
2023/11/30 14:54:10 Name2 : mnuZip
2023/11/30 14:54:10 Name : mnuHashes
2023/11/30 14:54:10 Name2 : mnuHashes
2023/11/30 14:54:10 Name : mnuEncrypt
2023/11/30 14:54:10 Name2 : mnuEncrypt
2023/11/30 14:54:10 Name : mnuShowHiddenFiles
2023/11/30 14:54:10 Name2 : mnuShowHiddenFiles
2023/11/30 14:54:10 Name : mnuSort
2023/11/30 14:54:10 Name2 : mnuSort
2023/11/30 15:34:12 Name : mnuDelete
2023/11/30 15:34:12 Name2 : mnuDelete
2023/11/30 15:34:12 Name : mnuRename
2023/11/30 15:34:12 Name2 : mnuRename
2023/11/30 15:34:12 Name : mnuCreateFile
2023/11/30 15:34:12 Name2 : mnuCreateFile
2023/11/30 15:34:12 Name : mnuCreateFolder
2023/11/30 15:34:12 Name2 : mnuCreateFolder
2023/11/30 15:34:12 Name : mnuCreateLink
2023/11/30 15:34:12 Name2 : mnuCreateLink
2023/11/30 15:34:12 Name : mnuZip
2023/11/30 15:34:12 Name2 : mnuZip
2023/11/30 15:34:12 Name : mnuHashes
2023/11/30 15:34:12 Name2 : mnuHashes
2023/11/30 15:34:12 Name : mnuEncrypt
2023/11/30 15:34:12 Name2 : mnuEncrypt
2023/11/30 15:34:12 Name : mnuShowHiddenFiles
2023/11/30 15:34:12 Name2 : mnuShowHiddenFiles
2023/11/30 15:34:12 Name : mnuSort
2023/11/30 15:34:12 Name2 : mnuSort
2023/11/30 15:34:14 Name : mnuDelete
2023/11/30 15:34:14 Name2 : mnuDelete
2023/11/30 15:34:14 Name : mnuRename
2023/11/30 15:34:14 Name2 : mnuRename
2023/11/30 15:34:14 Name : mnuCreateFile
2023/11/30 15:34:14 Name2 : mnuCreateFile
2023/11/30 15:34:14 Name : mnuCreateFolder
2023/11/30 15:34:14 Name2 : mnuCreateFolder
2023/11/30 15:34:14 Name : mnuCreateLink
2023/11/30 15:34:14 Name2 : mnuCreateLink
2023/11/30 15:34:14 Name : mnuZip
2023/11/30 15:34:14 Name2 : mnuZip
2023/11/30 15:34:14 Name : mnuHashes
2023/11/30 15:34:14 Name2 : mnuHashes
2023/11/30 15:34:14 Name : mnuEncrypt
2023/11/30 15:34:14 Name2 : mnuEncrypt
2023/11/30 15:34:14 Name : mnuShowHiddenFiles
2023/11/30 15:34:14 Name2 : mnuShowHiddenFiles
2023/11/30 15:34:14 Name : mnuSort
2023/11/30 15:34:14 Name2 : mnuSort
2023/11/30 15:34:15 Name : mnuDelete
2023/11/30 15:34:15 Name2 : mnuDelete
2023/11/30 15:34:15 Name : mnuRename
2023/11/30 15:34:15 Name2 : mnuRename
2023/11/30 15:34:15 Name : mnuCreateFile
2023/11/30 15:34:15 Name2 : mnuCreateFile
2023/11/30 15:34:15 Name : mnuCreateFolder
2023/11/30 15:34:15 Name2 : mnuCreateFolder
2023/11/30 15:34:15 Name : mnuCreateLink
2023/11/30 15:34:15 Name2 : mnuCreateLink
2023/11/30 15:34:15 Name : mnuZip
2023/11/30 15:34:15 Name2 : mnuZip
2023/11/30 15:34:15 Name : mnuHashes
2023/11/30 15:34:15 Name2 : mnuHashes
2023/11/30 15:34:15 Name : mnuEncrypt
2023/11/30 15:34:15 Name2 : mnuEncrypt
2023/11/30 15:34:15 Name : mnuShowHiddenFiles
2023/11/30 15:34:15 Name2 : mnuShowHiddenFiles
2023/11/30 15:34:15 Name : mnuSort
2023/11/30 15:34:15 Name2 : mnuSort
2023/11/30 15:47:29 Name : mnuDelete
2023/11/30 15:47:29 Name2 : mnuDelete
2023/11/30 15:47:29 Name : mnuRename
2023/11/30 15:47:29 Name2 : mnuRename
2023/11/30 15:47:29 Name : mnuCreateFile
2023/11/30 15:47:29 Name2 : mnuCreateFile
2023/11/30 15:47:29 Name : mnuCreateFolder
2023/11/30 15:47:29 Name2 : mnuCreateFolder
2023/11/30 15:47:29 Name : mnuCreateLink
2023/11/30 15:47:29 Name2 : mnuCreateLink
2023/11/30 15:47:29 Name : mnuZip
2023/11/30 15:47:29 Name2 : mnuZip
2023/11/30 15:47:29 Name : mnuHashes
2023/11/30 15:47:29 Name2 : mnuHashes
2023/11/30 15:47:29 Name : mnuEncrypt
2023/11/30 15:47:29 Name2 : mnuEncrypt
2023/11/30 15:47:29 Name : mnuShowHiddenFiles
2023/11/30 15:47:29 Name2 : mnuShowHiddenFiles
2023/11/30 15:47:29 Name : mnuSort
2023/11/30 15:47:29 Name2 : mnuSort
2023/11/30 15:47:30 Name : mnuDelete
2023/11/30 15:47:30 Name2 : mnuDelete
2023/11/30 15:47:30 Name : mnuRename
2023/11/30 15:47:30 Name2 : mnuRename
2023/11/30 15:47:30 Name : mnuCreateFile
2023/11/30 15:47:30 Name2 : mnuCreateFile
2023/11/30 15:47:30 Name : mnuCreateFolder
2023/11/30 15:47:30 Name2 : mnuCreateFolder
2023/11/30 15:47:30 Name : mnuCreateLink
2023/11/30 15:47:30 Name2 : mnuCreateLink
2023/11/30 15:47:30 Name : mnuZip
2023/11/30 15:47:30 Name2 : mnuZip
2023/11/30 15:47:30 Name : mnuHashes
2023/11/30 15:47:30 Name2 : mnuHashes
2023/11/30 15:47:30 Name : mnuEncrypt
2023/11/30 15:47:30 Name2 : mnuEncrypt
2023/11/30 15:47:30 Name : mnuShowHiddenFiles
2023/11/30 15:47:30 Name2 : mnuShowHiddenFiles
2023/11/30 15:47:30 Name : mnuSort
2023/11/30 15:47:30 Name2 : mnuSort
2023/11/30 15:47:31 Name : mnuDelete
2023/11/30 15:47:31 Name2 : mnuDelete
2023/11/30 15:47:31 Name : mnuRename
2023/11/30 15:47:31 Name2 : mnuRename
2023/11/30 15:47:31 Name : mnuCreateFile
2023/11/30 15:47:31 Name2 : mnuCreateFile
2023/11/30 15:47:31 Name : mnuCreateFolder
2023/11/30 15:47:31 Name2 : mnuCreateFolder
2023/11/30 15:47:31 Name : mnuCreateLink
2023/11/30 15:47:31 Name2 : mnuCreateLink
2023/11/30 15:47:31 Name : mnuZip
2023/11/30 15:47:31 Name2 : mnuZip
2023/11/30 15:47:31 Name : mnuHashes
2023/11/30 15:47:31 Name2 : mnuHashes
2023/11/30 15:47:31 Name : mnuEncrypt
2023/11/30 15:47:31 Name2 : mnuEncrypt
2023/11/30 15:47:31 Name : mnuShowHiddenFiles
2023/11/30 15:47:31 Name2 : mnuShowHiddenFiles
2023/11/30 15:47:31 Name : mnuSort
2023/11/30 15:47:31 Name2 : mnuSort
2023/11/30 15:48:32 Name : mnuDelete
2023/11/30 15:48:32 Name2 : mnuDelete
2023/11/30 15:48:32 Name : mnuRename
2023/11/30 15:48:32 Name2 : mnuRename
2023/11/30 15:48:32 Name : mnuCreateFile
2023/11/30 15:48:32 Name2 : mnuCreateFile
2023/11/30 15:48:32 Name : mnuCreateFolder
2023/11/30 15:48:32 Name2 : mnuCreateFolder
2023/11/30 15:48:32 Name : mnuCreateLink
2023/11/30 15:48:32 Name2 : mnuCreateLink
2023/11/30 15:48:32 Name : mnuZip
2023/11/30 15:48:32 Name2 : mnuZip
2023/11/30 15:48:32 Name : mnuHashes
2023/11/30 15:48:32 Name2 : mnuHashes
2023/11/30 15:48:32 Name : mnuEncrypt
2023/11/30 15:48:32 Name2 : mnuEncrypt
2023/11/30 15:48:32 Name : mnuShowHiddenFiles
2023/11/30 15:48:32 Name2 : mnuShowHiddenFiles
2023/11/30 15:48:32 Name : mnuSort
2023/11/30 15:48:32 Name2 : mnuSort
2023/11/30 15:48:33 Name : mnuDelete
2023/11/30 15:48:33 Name2 : mnuDelete
2023/11/30 15:48:33 Name : mnuRename
2023/11/30 15:48:33 Name2 : mnuRename
2023/11/30 15:48:33 Name : mnuCreateFile
2023/11/30 15:48:33 Name2 : mnuCreateFile
2023/11/30 15:48:33 Name : mnuCreateFolder
2023/11/30 15:48:33 Name2 : mnuCreateFolder
2023/11/30 15:48:33 Name : mnuCreateLink
2023/11/30 15:48:33 Name2 : mnuCreateLink
2023/11/30 15:48:33 Name : mnuZip
2023/11/30 15:48:33 Name2 : mnuZip
2023/11/30 15:48:33 Name : mnuHashes
2023/11/30 15:48:33 Name2 : mnuHashes
2023/11/30 15:48:33 Name : mnuEncrypt
2023/11/30 15:48:33 Name2 : mnuEncrypt
2023/11/30 15:48:33 Name : mnuShowHiddenFiles
2023/11/30 15:48:33 Name2 : mnuShowHiddenFiles
2023/11/30 15:48:33 Name : mnuSort
2023/11/30 15:48:33 Name2 : mnuSort
2023/11/30 15:48:34 Name : mnuDelete
2023/11/30 15:48:34 Name2 : mnuDelete
2023/11/30 15:48:34 Name : mnuRename
2023/11/30 15:48:34 Name2 : mnuRename
2023/11/30 15:48:34 Name : mnuCreateFile
2023/11/30 15:48:34 Name2 : mnuCreateFile
2023/11/30 15:48:34 Name : mnuCreateFolder
2023/11/30 15:48:34 Name2 : mnuCreateFolder
2023/11/30 15:48:34 Name : mnuCreateLink
2023/11/30 15:48:34 Name2 : mnuCreateLink
2023/11/30 15:48:34 Name : mnuZip
2023/11/30 15:48:34 Name2 : mnuZip
2023/11/30 15:48:34 Name : mnuHashes
2023/11/30 15:48:34 Name2 : mnuHashes
2023/11/30 15:48:34 Name : mnuEncrypt
2023/11/30 15:48:34 Name2 : mnuEncrypt
2023/11/30 15:48:34 Name : mnuShowHiddenFiles
2023/11/30 15:48:34 Name2 : mnuShowHiddenFiles
2023/11/30 15:48:34 Name : mnuSort
2023/11/30 15:48:34 Name2 : mnuSort
2023/11/30 15:49:49 Name : mnuDelete
2023/11/30 15:49:49 Name2 : mnuDelete
2023/11/30 15:49:49 Name : mnuRename
2023/11/30 15:49:49 Name2 : mnuRename
2023/11/30 15:49:49 Name : mnuCreateFile
2023/11/30 15:49:49 Name2 : mnuCreateFile
2023/11/30 15:49:49 Name : mnuCreateFolder
2023/11/30 15:49:49 Name2 : mnuCreateFolder
2023/11/30 15:49:49 Name : mnuCreateLink
2023/11/30 15:49:49 Name2 : mnuCreateLink
2023/11/30 15:49:49 Name : mnuZip
2023/11/30 15:49:49 Name2 : mnuZip
2023/11/30 15:49:49 Name : mnuHashes
2023/11/30 15:49:49 Name2 : mnuHashes
2023/11/30 15:49:49 Name : mnuEncrypt
2023/11/30 15:49:49 Name2 : mnuEncrypt
2023/11/30 15:49:49 Name : mnuShowHiddenFiles
2023/11/30 15:49:49 Name2 : mnuShowHiddenFiles
2023/11/30 15:49:49 Name : mnuSort
2023/11/30 15:49:49 Name2 : mnuSort
2023/11/30 15:49:50 Name : mnuDelete
2023/11/30 15:49:50 Name2 : mnuDelete
2023/11/30 15:49:50 Name : mnuRename
2023/11/30 15:49:50 Name2 : mnuRename
2023/11/30 15:49:50 Name : mnuCreateFile
2023/11/30 15:49:50 Name2 : mnuCreateFile
2023/11/30 15:49:50 Name : mnuCreateFolder
2023/11/30 15:49:50 Name2 : mnuCreateFolder
2023/11/30 15:49:50 Name : mnuCreateLink
2023/11/30 15:49:50 Name2 : mnuCreateLink
2023/11/30 15:49:50 Name : mnuZip
2023/11/30 15:49:50 Name2 : mnuZip
2023/11/30 15:49:50 Name : mnuHashes
2023/11/30 15:49:50 Name2 : mnuHashes
2023/11/30 15:49:50 Name : mnuEncrypt
2023/11/30 15:49:50 Name2 : mnuEncrypt
2023/11/30 15:49:50 Name : mnuShowHiddenFiles
2023/11/30 15:49:50 Name2 : mnuShowHiddenFiles
2023/11/30 15:49:50 Name : mnuSort
2023/11/30 15:49:50 Name2 : mnuSort
2023/11/30 15:49:51 Name : mnuDelete
2023/11/30 15:49:51 Name2 : mnuDelete
2023/11/30 15:49:51 Name : mnuRename
2023/11/30 15:49:51 Name2 : mnuRename
2023/11/30 15:49:51 Name : mnuCreateFile
2023/11/30 15:49:51 Name2 : mnuCreateFile
2023/11/30 15:49:51 Name : mnuCreateFolder
2023/11/30 15:49:51 Name2 : mnuCreateFolder
2023/11/30 15:49:51 Name : mnuCreateLink
2023/11/30 15:49:51 Name2 : mnuCreateLink
2023/11/30 15:49:51 Name : mnuZip
2023/11/30 15:49:51 Name2 : mnuZip
2023/11/30 15:49:51 Name : mnuHashes
2023/11/30 15:49:51 Name2 : mnuHashes
2023/11/30 15:49:51 Name : mnuEncrypt
2023/11/30 15:49:51 Name2 : mnuEncrypt
2023/11/30 15:49:51 Name : mnuShowHiddenFiles
2023/11/30 15:49:51 Name2 : mnuShowHiddenFiles
2023/11/30 15:49:51 Name : mnuSort
2023/11/30 15:49:51 Name2 : mnuSort
2023/11/30 16:17:46 Name : mnuDelete
2023/11/30 16:17:46 Name2 : mnuDelete
2023/11/30 16:17:46 Name : mnuRename
2023/11/30 16:17:46 Name2 : mnuRename
2023/11/30 16:17:46 Name : mnuCreateFile
2023/11/30 16:17:46 Name2 : mnuCreateFile
2023/11/30 16:17:46 Name : mnuCreateFolder
2023/11/30 16:17:46 Name2 : mnuCreateFolder
2023/11/30 16:17:46 Name : mnuCreateLink
2023/11/30 16:17:46 Name2 : mnuCreateLink
2023/11/30 16:17:46 Name : mnuZip
2023/11/30 16:17:46 Name2 : mnuZip
2023/11/30 16:17:46 Name : mnuHashes
2023/11/30 16:17:46 Name2 : mnuHashes
2023/11/30 16:17:46 Name : mnuEncrypt
2023/11/30 16:17:46 Name2 : mnuEncrypt
2023/11/30 16:17:46 Name : mnuShowHiddenFiles
2023/11/30 16:17:46 Name2 : mnuShowHiddenFiles
2023/11/30 16:17:46 Name : mnuSort
2023/11/30 16:17:46 Name2 : mnuSort
2023/11/30 16:17:47 Name : mnuDelete
2023/11/30 16:17:47 Name2 : mnuDelete
2023/11/30 16:17:47 Name : mnuRename
2023/11/30 16:17:47 Name2 : mnuRename
2023/11/30 16:17:47 Name : mnuCreateFile
2023/11/30 16:17:47 Name2 : mnuCreateFile
2023/11/30 16:17:47 Name : mnuCreateFolder
2023/11/30 16:17:47 Name2 : mnuCreateFolder
2023/11/30 16:17:47 Name : mnuCreateLink
2023/11/30 16:17:47 Name2 : mnuCreateLink
2023/11/30 16:17:47 Name : mnuZip
2023/11/30 16:17:47 Name2 : mnuZip
2023/11/30 16:17:47 Name : mnuHashes
2023/11/30 16:17:47 Name2 : mnuHashes
2023/11/30 16:17:47 Name : mnuEncrypt
2023/11/30 16:17:47 Name2 : mnuEncrypt
2023/11/30 16:17:47 Name : mnuShowHiddenFiles
2023/11/30 16:17:47 Name2 : mnuShowHiddenFiles
2023/11/30 16:17:47 Name : mnuSort
2023/11/30 16:17:47 Name2 : mnuSort
2023/11/30 16:17:48 Name : mnuDelete
2023/11/30 16:17:48 Name2 : mnuDelete
2023/11/30 16:17:48 Name : mnuRename
2023/11/30 16:17:48 Name2 : mnuRename
2023/11/30 16:17:48 Name : mnuCreateFile
2023/11/30 16:17:48 Name2 : mnuCreateFile
2023/11/30 16:17:48 Name : mnuCreateFolder
2023/11/30 16:17:48 Name2 : mnuCreateFolder
2023/11/30 16:17:48 Name : mnuCreateLink
2023/11/30 16:17:48 Name2 : mnuCreateLink
2023/11/30 16:17:48 Name : mnuZip
2023/11/30 16:17:48 Name2 : mnuZip
2023/11/30 16:17:48 Name : mnuHashes
2023/11/30 16:17:48 Name2 : mnuHashes
2023/11/30 16:17:48 Name : mnuEncrypt
2023/11/30 16:17:48 Name2 : mnuEncrypt
2023/11/30 16:17:48 Name : mnuShowHiddenFiles
2023/11/30 16:17:48 Name2 : mnuShowHiddenFiles
2023/11/30 16:17:48 Name : mnuSort
2023/11/30 16:17:48 Name2 : mnuSort
2023/11/30 16:55:49 Name : mnuDelete
2023/11/30 16:55:49 Name2 : mnuDelete
2023/11/30 16:55:49 Name : mnuRename
2023/11/30 16:55:49 Name2 : mnuRename
2023/11/30 16:55:49 Name : mnuCreateFile
2023/11/30 16:55:49 Name2 : mnuCreateFile
2023/11/30 16:55:49 Name : mnuCreateFolder
2023/11/30 16:55:49 Name2 : mnuCreateFolder
2023/11/30 16:55:49 Name : mnuCreateLink
2023/11/30 16:55:49 Name2 : mnuCreateLink
2023/11/30 16:55:49 Name : mnuZip
2023/11/30 16:55:49 Name2 : mnuZip
2023/11/30 16:55:49 Name : mnuHashes
2023/11/30 16:55:49 Name2 : mnuHashes
2023/11/30 16:55:49 Name : mnuEncrypt
2023/11/30 16:55:49 Name2 : mnuEncrypt
2023/11/30 16:55:49 Name : mnuShowHiddenFiles
2023/11/30 16:55:49 Name2 : mnuShowHiddenFiles
2023/11/30 16:55:49 Name : mnuSort
2023/11/30 16:55:49 Name2 : mnuSort
2023/11/30 16:55:50 Name : mnuDelete
2023/11/30 16:55:50 Name2 : mnuDelete
2023/11/30 16:55:50 Name : mnuRename
2023/11/30 16:55:50 Name2 : mnuRename
2023/11/30 16:55:50 Name : mnuCreateFile
2023/11/30 16:55:50 Name2 : mnuCreateFile
2023/11/30 16:55:50 Name : mnuCreateFolder
2023/11/30 16:55:50 Name2 : mnuCreateFolder
2023/11/30 16:55:50 Name : mnuCreateLink
2023/11/30 16:55:50 Name2 : mnuCreateLink
2023/11/30 16:55:50 Name : mnuZip
2023/11/30 16:55:50 Name2 : mnuZip
2023/11/30 16:55:50 Name : mnuHashes
2023/11/30 16:55:50 Name2 : mnuHashes
2023/11/30 16:55:50 Name : mnuEncrypt
2023/11/30 16:55:50 Name2 : mnuEncrypt
2023/11/30 16:55:50 Name : mnuShowHiddenFiles
2023/11/30 16:55:50 Name2 : mnuShowHiddenFiles
2023/11/30 16:55:50 Name : mnuSort
2023/11/30 16:55:50 Name2 : mnuSort
2023/11/30 16:55:51 Name : mnuDelete
2023/11/30 16:55:51 Name2 : mnuDelete
2023/11/30 16:55:51 Name : mnuRename
2023/11/30 16:55:51 Name2 : mnuRename
2023/11/30 16:55:51 Name : mnuCreateFile
2023/11/30 16:55:51 Name2 : mnuCreateFile
2023/11/30 16:55:51 Name : mnuCreateFolder
2023/11/30 16:55:51 Name2 : mnuCreateFolder
2023/11/30 16:55:51 Name : mnuCreateLink
2023/11/30 16:55:51 Name2 : mnuCreateLink
2023/11/30 16:55:51 Name : mnuZip
2023/11/30 16:55:51 Name2 : mnuZip
2023/11/30 16:55:51 Name : mnuHashes
2023/11/30 16:55:51 Name2 : mnuHashes
2023/11/30 16:55:51 Name : mnuEncrypt
2023/11/30 16:55:51 Name2 : mnuEncrypt
2023/11/30 16:55:51 Name : mnuShowHiddenFiles
2023/11/30 16:55:51 Name2 : mnuShowHiddenFiles
2023/11/30 16:55:51 Name : mnuSort
2023/11/30 16:55:51 Name2 : mnuSort
2023/11/30 16:57:32 Name : mnuDelete
2023/11/30 16:57:32 Name2 : mnuDelete
2023/11/30 16:57:32 Name : mnuRename
2023/11/30 16:57:32 Name2 : mnuRename
2023/11/30 16:57:32 Name : mnuCreateFile
2023/11/30 16:57:32 Name2 : mnuCreateFile
2023/11/30 16:57:32 Name : mnuCreateFolder
2023/11/30 16:57:32 Name2 : mnuCreateFolder
2023/11/30 16:57:32 Name : mnuCreateLink
2023/11/30 16:57:32 Name2 : mnuCreateLink
2023/11/30 16:57:32 Name : mnuZip
2023/11/30 16:57:32 Name2 : mnuZip
2023/11/30 16:57:32 Name : mnuHashes
2023/11/30 16:57:32 Name2 : mnuHashes
2023/11/30 16:57:32 Name : mnuEncrypt
2023/11/30 16:57:32 Name2 : mnuEncrypt
2023/11/30 16:57:32 Name : mnuShowHiddenFiles
2023/11/30 16:57:32 Name2 : mnuShowHiddenFiles
2023/11/30 16:57:32 Name : mnuSort
2023/11/30 16:57:32 Name2 : mnuSort
2023/11/30 16:57:34 Name : mnuDelete
2023/11/30 16:57:34 Name2 : mnuDelete
2023/11/30 16:57:34 Name : mnuRename
2023/11/30 16:57:34 Name2 : mnuRename
2023/11/30 16:57:34 Name : mnuCreateFile
2023/11/30 16:57:34 Name2 : mnuCreateFile
2023/11/30 16:57:34 Name : mnuCreateFolder
2023/11/30 16:57:34 Name2 : mnuCreateFolder
2023/11/30 16:57:34 Name : mnuCreateLink
2023/11/30 16:57:34 Name2 : mnuCreateLink
2023/11/30 16:57:34 Name : mnuZip
2023/11/30 16:57:34 Name2 : mnuZip
2023/11/30 16:57:34 Name : mnuHashes
2023/11/30 16:57:34 Name2 : mnuHashes
2023/11/30 16:57:34 Name : mnuEncrypt
2023/11/30 16:57:34 Name2 : mnuEncrypt
2023/11/30 16:57:34 Name : mnuShowHiddenFiles
2023/11/30 16:57:34 Name2 : mnuShowHiddenFiles
2023/11/30 16:57:34 Name : mnuSort
2023/11/30 16:57:34 Name2 : mnuSort
2023/11/30 16:57:34 Name : mnuDelete
2023/11/30 16:57:34 Name2 : mnuDelete
2023/11/30 16:57:34 Name : mnuRename
2023/11/30 16:57:34 Name2 : mnuRename
2023/11/30 16:57:34 Name : mnuCreateFile
2023/11/30 16:57:34 Name2 : mnuCreateFile
2023/11/30 16:57:34 Name : mnuCreateFolder
2023/11/30 16:57:34 Name2 : mnuCreateFolder
2023/11/30 16:57:34 Name : mnuCreateLink
2023/11/30 16:57:34 Name2 : mnuCreateLink
2023/11/30 16:57:34 Name : mnuZip
2023/11/30 16:57:34 Name2 : mnuZip
2023/11/30 16:57:34 Name : mnuHashes
2023/11/30 16:57:34 Name2 : mnuHashes
2023/11/30 16:57:34 Name : mnuEncrypt
2023/11/30 16:57:34 Name2 : mnuEncrypt
2023/11/30 16:57:34 Name : mnuShowHiddenFiles
2023/11/30 16:57:34 Name2 : mnuShowHiddenFiles
2023/11/30 16:57:34 Name : mnuSort
2023/11/30 16:57:34 Name2 : mnuSort
2023/11/30 16:58:01 Name : mnuDelete
2023/11/30 16:58:01 Name2 : mnuDelete
2023/11/30 16:58:01 Name : mnuRename
2023/11/30 16:58:01 Name2 : mnuRename
2023/11/30 16:58:01 Name : mnuCreateFile
2023/11/30 16:58:01 Name2 : mnuCreateFile
2023/11/30 16:58:01 Name : mnuCreateFolder
2023/11/30 16:58:01 Name2 : mnuCreateFolder
2023/11/30 16:58:01 Name : mnuCreateLink
2023/11/30 16:58:01 Name2 : mnuCreateLink
2023/11/30 16:58:01 Name : mnuZip
2023/11/30 16:58:01 Name2 : mnuZip
2023/11/30 16:58:01 Name : mnuHashes
2023/11/30 16:58:01 Name2 : mnuHashes
2023/11/30 16:58:01 Name : mnuEncrypt
2023/11/30 16:58:01 Name2 : mnuEncrypt
2023/11/30 16:58:01 Name : mnuShowHiddenFiles
2023/11/30 16:58:01 Name2 : mnuShowHiddenFiles
2023/11/30 16:58:01 Name : mnuSort
2023/11/30 16:58:01 Name2 : mnuSort
2023/11/30 16:58:56 Name : mnuDelete
2023/11/30 16:58:56 Name2 : mnuDelete
2023/11/30 16:58:56 Name : mnuRename
2023/11/30 16:58:56 Name2 : mnuRename
2023/11/30 16:58:56 Name : mnuCreateFile
2023/11/30 16:58:56 Name2 : mnuCreateFile
2023/11/30 16:58:56 Name : mnuCreateFolder
2023/11/30 16:58:56 Name2 : mnuCreateFolder
2023/11/30 16:58:56 Name : mnuCreateLink
2023/11/30 16:58:56 Name2 : mnuCreateLink
2023/11/30 16:58:56 Name : mnuZip
2023/11/30 16:58:56 Name2 : mnuZip
2023/11/30 16:58:56 Name : mnuHashes
2023/11/30 16:58:56 Name2 : mnuHashes
2023/11/30 16:58:56 Name : mnuEncrypt
2023/11/30 16:58:56 Name2 : mnuEncrypt
2023/11/30 16:58:56 Name : mnuShowHiddenFiles
2023/11/30 16:58:56 Name2 : mnuShowHiddenFiles
2023/11/30 16:58:56 Name : mnuSort
2023/11/30 16:58:56 Name2 : mnuSort
2023/11/30 16:58:57 Name : mnuDelete
2023/11/30 16:58:57 Name2 : mnuDelete
2023/11/30 16:58:57 Name : mnuRename
2023/11/30 16:58:57 Name2 : mnuRename
2023/11/30 16:58:57 Name : mnuCreateFile
2023/11/30 16:58:57 Name2 : mnuCreateFile
2023/11/30 16:58:57 Name : mnuCreateFolder
2023/11/30 16:58:57 Name2 : mnuCreateFolder
2023/11/30 16:58:57 Name : mnuCreateLink
2023/11/30 16:58:57 Name2 : mnuCreateLink
2023/11/30 16:58:57 Name : mnuZip
2023/11/30 16:58:57 Name2 : mnuZip
2023/11/30 16:58:57 Name : mnuHashes
2023/11/30 16:58:57 Name2 : mnuHashes
2023/11/30 16:58:57 Name : mnuEncrypt
2023/11/30 16:58:57 Name2 : mnuEncrypt
2023/11/30 16:58:57 Name : mnuShowHiddenFiles
2023/11/30 16:58:57 Name2 : mnuShowHiddenFiles
2023/11/30 16:58:57 Name : mnuSort
2023/11/30 16:58:57 Name2 : mnuSort
2023/11/30 16:58:58 Name : mnuDelete
2023/11/30 16:58:58 Name2 : mnuDelete
2023/11/30 16:58:58 Name : mnuRename
2023/11/30 16:58:58 Name2 : mnuRename
2023/11/30 16:58:58 Name : mnuCreateFile
2023/11/30 16:58:58 Name2 : mnuCreateFile
2023/11/30 16:58:58 Name : mnuCreateFolder
2023/11/30 16:58:58 Name2 : mnuCreateFolder
2023/11/30 16:58:58 Name : mnuCreateLink
2023/11/30 16:58:58 Name2 : mnuCreateLink
2023/11/30 16:58:58 Name : mnuZip
2023/11/30 16:58:58 Name2 : mnuZip
2023/11/30 16:58:58 Name : mnuHashes
2023/11/30 16:58:58 Name2 : mnuHashes
2023/11/30 16:58:58 Name : mnuEncrypt
2023/11/30 16:58:58 Name2 : mnuEncrypt
2023/11/30 16:58:58 Name : mnuShowHiddenFiles
2023/11/30 16:58:58 Name2 : mnuShowHiddenFiles
2023/11/30 16:58:58 Name : mnuSort
2023/11/30 16:58:58 Name2 : mnuSort
2023/11/30 17:35:23 Name : mnuDelete
2023/11/30 17:35:23 Name2 : mnuDelete
2023/11/30 17:35:23 Name : mnuRename
2023/11/30 17:35:23 Name2 : mnuRename
2023/11/30 17:35:23 Name : mnuCreateFile
2023/11/30 17:35:23 Name2 : mnuCreateFile
2023/11/30 17:35:23 Name : mnuCreateFolder
2023/11/30 17:35:23 Name2 : mnuCreateFolder
2023/11/30 17:35:23 Name : mnuCreateLink
2023/11/30 17:35:23 Name2 : mnuCreateLink
2023/11/30 17:35:23 Name : mnuZip
2023/11/30 17:35:23 Name2 : mnuZip
2023/11/30 17:35:23 Name : mnuHashes
2023/11/30 17:35:23 Name2 : mnuHashes
2023/11/30 17:35:23 Name : mnuEncrypt
2023/11/30 17:35:23 Name2 : mnuEncrypt
2023/11/30 17:35:23 Name : mnuShowHiddenFiles
2023/11/30 17:35:23 Name2 : mnuShowHiddenFiles
2023/11/30 17:35:23 Name : mnuSort
2023/11/30 17:35:23 Name2 : mnuSort
2023/11/30 17:35:24 Name : mnuDelete
2023/11/30 17:35:24 Name2 : mnuDelete
2023/11/30 17:35:24 Name : mnuRename
2023/11/30 17:35:24 Name2 : mnuRename
2023/11/30 17:35:24 Name : mnuCreateFile
2023/11/30 17:35:24 Name2 : mnuCreateFile
2023/11/30 17:35:24 Name : mnuCreateFolder
2023/11/30 17:35:24 Name2 : mnuCreateFolder
2023/11/30 17:35:24 Name : mnuCreateLink
2023/11/30 17:35:24 Name2 : mnuCreateLink
2023/11/30 17:35:24 Name : mnuZip
2023/11/30 17:35:24 Name2 : mnuZip
2023/11/30 17:35:24 Name : mnuHashes
2023/11/30 17:35:24 Name2 : mnuHashes
2023/11/30 17:35:24 Name : mnuEncrypt
2023/11/30 17:35:24 Name2 : mnuEncrypt
2023/11/30 17:35:24 Name : mnuShowHiddenFiles
2023/11/30 17:35:24 Name2 : mnuShowHiddenFiles
2023/11/30 17:35:24 Name : mnuSort
2023/11/30 17:35:24 Name2 : mnuSort
2023/11/30 17:35:25 Name : mnuDelete
2023/11/30 17:35:25 Name2 : mnuDelete
2023/11/30 17:35:25 Name : mnuRename
2023/11/30 17:35:25 Name2 : mnuRename
2023/11/30 17:35:25 Name : mnuCreateFile
2023/11/30 17:35:25 Name2 : mnuCreateFile
2023/11/30 17:35:25 Name : mnuCreateFolder
2023/11/30 17:35:25 Name2 : mnuCreateFolder
2023/11/30 17:35:25 Name : mnuCreateLink
2023/11/30 17:35:25 Name2 : mnuCreateLink
2023/11/30 17:35:25 Name : mnuZip
2023/11/30 17:35:25 Name2 : mnuZip
2023/11/30 17:35:25 Name : mnuHashes
2023/11/30 17:35:25 Name2 : mnuHashes
2023/11/30 17:35:25 Name : mnuEncrypt
2023/11/30 17:35:25 Name2 : mnuEncrypt
2023/11/30 17:35:25 Name : mnuShowHiddenFiles
2023/11/30 17:35:25 Name2 : mnuShowHiddenFiles
2023/11/30 17:35:25 Name : mnuSort
2023/11/30 17:35:25 Name2 : mnuSort
2023/11/30 17:35:35 Name : mnuDelete
2023/11/30 17:35:35 Name2 : mnuDelete
2023/11/30 17:35:35 Name : mnuRename
2023/11/30 17:35:35 Name2 : mnuRename
2023/11/30 17:35:35 Name : mnuCreateFile
2023/11/30 17:35:35 Name2 : mnuCreateFile
2023/11/30 17:35:35 Name : mnuCreateFolder
2023/11/30 17:35:35 Name2 : mnuCreateFolder
2023/11/30 17:35:35 Name : mnuCreateLink
2023/11/30 17:35:35 Name2 : mnuCreateLink
2023/11/30 17:35:35 Name : mnuZip
2023/11/30 17:35:35 Name2 : mnuZip
2023/11/30 17:35:35 Name : mnuHashes
2023/11/30 17:35:35 Name2 : mnuHashes
2023/11/30 17:35:35 Name : mnuEncrypt
2023/11/30 17:35:35 Name2 : mnuEncrypt
2023/11/30 17:35:35 Name : mnuShowHiddenFiles
2023/11/30 17:35:35 Name2 : mnuShowHiddenFiles
2023/11/30 17:35:35 Name : mnuSort
2023/11/30 17:35:35 Name2 : mnuSort
2023/11/30 17:35:37 Name : mnuDelete
2023/11/30 17:35:37 Name2 : mnuDelete
2023/11/30 17:35:37 Name : mnuRename
2023/11/30 17:35:37 Name2 : mnuRename
2023/11/30 17:35:37 Name : mnuCreateFile
2023/11/30 17:35:37 Name2 : mnuCreateFile
2023/11/30 17:35:37 Name : mnuCreateFolder
2023/11/30 17:35:37 Name2 : mnuCreateFolder
2023/11/30 17:35:37 Name : mnuCreateLink
2023/11/30 17:35:37 Name2 : mnuCreateLink
2023/11/30 17:35:37 Name : mnuZip
2023/11/30 17:35:37 Name2 : mnuZip
2023/11/30 17:35:37 Name : mnuHashes
2023/11/30 17:35:37 Name2 : mnuHashes
2023/11/30 17:35:37 Name : mnuEncrypt
2023/11/30 17:35:37 Name2 : mnuEncrypt
2023/11/30 17:35:37 Name : mnuShowHiddenFiles
2023/11/30 17:35:37 Name2 : mnuShowHiddenFiles
2023/11/30 17:35:37 Name : mnuSort
2023/11/30 17:35:37 Name2 : mnuSort
2023/11/30 19:04:48 Name : mnuDelete
2023/11/30 19:04:48 Name2 : mnuDelete
2023/11/30 19:04:48 Name : mnuRename
2023/11/30 19:04:48 Name2 : mnuRename
2023/11/30 19:04:48 Name : mnuCreateFile
2023/11/30 19:04:48 Name2 : mnuCreateFile
2023/11/30 19:04:48 Name : mnuCreateFolder
2023/11/30 19:04:48 Name2 : mnuCreateFolder
2023/11/30 19:04:48 Name : mnuCreateLink
2023/11/30 19:04:48 Name2 : mnuCreateLink
2023/11/30 19:04:48 Name : mnuZip
2023/11/30 19:04:48 Name2 : mnuZip
2023/11/30 19:04:48 Name : mnuHashes
2023/11/30 19:04:48 Name2 : mnuHashes
2023/11/30 19:04:48 Name : mnuEncrypt
2023/11/30 19:04:48 Name2 : mnuEncrypt
2023/11/30 19:04:48 Name : mnuShowHiddenFiles
2023/11/30 19:04:48 Name2 : mnuShowHiddenFiles
2023/11/30 19:04:48 Name : mnuSort
2023/11/30 19:04:48 Name2 : mnuSort
2023/11/30 19:04:49 Name : mnuDelete
2023/11/30 19:04:49 Name2 : mnuDelete
2023/11/30 19:04:49 Name : mnuRename
2023/11/30 19:04:49 Name2 : mnuRename
2023/11/30 19:04:49 Name : mnuCreateFile
2023/11/30 19:04:49 Name2 : mnuCreateFile
2023/11/30 19:04:49 Name : mnuCreateFolder
2023/11/30 19:04:49 Name2 : mnuCreateFolder
2023/11/30 19:04:49 Name : mnuCreateLink
2023/11/30 19:04:49 Name2 : mnuCreateLink
2023/11/30 19:04:49 Name : mnuZip
2023/11/30 19:04:49 Name2 : mnuZip
2023/11/30 19:04:49 Name : mnuHashes
2023/11/30 19:04:49 Name2 : mnuHashes
2023/11/30 19:04:49 Name : mnuEncrypt
2023/11/30 19:04:49 Name2 : mnuEncrypt
2023/11/30 19:04:49 Name : mnuShowHiddenFiles
2023/11/30 19:04:49 Name2 : mnuShowHiddenFiles
2023/11/30 19:04:49 Name : mnuSort
2023/11/30 19:04:49 Name2 : mnuSort
2023/11/30 19:04:50 Name : mnuDelete
2023/11/30 19:04:50 Name2 : mnuDelete
2023/11/30 19:04:50 Name : mnuRename
2023/11/30 19:04:50 Name2 : mnuRename
2023/11/30 19:04:50 Name : mnuCreateFile
2023/11/30 19:04:50 Name2 : mnuCreateFile
2023/11/30 19:04:50 Name : mnuCreateFolder
2023/11/30 19:04:50 Name2 : mnuCreateFolder
2023/11/30 19:04:50 Name : mnuCreateLink
2023/11/30 19:04:50 Name2 : mnuCreateLink
2023/11/30 19:04:50 Name : mnuZip
2023/11/30 19:04:50 Name2 : mnuZip
2023/11/30 19:04:50 Name : mnuHashes
2023/11/30 19:04:50 Name2 : mnuHashes
2023/11/30 19:04:50 Name : mnuEncrypt
2023/11/30 19:04:50 Name2 : mnuEncrypt
2023/11/30 19:04:50 Name : mnuShowHiddenFiles
2023/11/30 19:04:50 Name2 : mnuShowHiddenFiles
2023/11/30 19:04:50 Name : mnuSort
2023/11/30 19:04:50 Name2 : mnuSort
2023/11/30 19:05:39 Name : mnuDelete
2023/11/30 19:05:39 Name2 : mnuDelete
2023/11/30 19:05:39 Name : mnuRename
2023/11/30 19:05:39 Name2 : mnuRename
2023/11/30 19:05:39 Name : mnuCreateFile
2023/11/30 19:05:39 Name2 : mnuCreateFile
2023/11/30 19:05:39 Name : mnuCreateFolder
2023/11/30 19:05:39 Name2 : mnuCreateFolder
2023/11/30 19:05:39 Name : mnuCreateLink
2023/11/30 19:05:39 Name2 : mnuCreateLink
2023/11/30 19:05:39 Name : mnuZip
2023/11/30 19:05:39 Name2 : mnuZip
2023/11/30 19:05:39 Name : mnuHashes
2023/11/30 19:05:39 Name2 : mnuHashes
2023/11/30 19:05:39 Name : mnuEncrypt
2023/11/30 19:05:39 Name2 : mnuEncrypt
2023/11/30 19:05:39 Name : mnuShowHiddenFiles
2023/11/30 19:05:39 Name2 : mnuShowHiddenFiles
2023/11/30 19:05:39 Name : mnuSort
2023/11/30 19:05:39 Name2 : mnuSort
2023/11/30 19:05:41 Name : mnuDelete
2023/11/30 19:05:41 Name2 : mnuDelete
2023/11/30 19:05:41 Name : mnuRename
2023/11/30 19:05:41 Name2 : mnuRename
2023/11/30 19:05:41 Name : mnuCreateFile
2023/11/30 19:05:41 Name2 : mnuCreateFile
2023/11/30 19:05:41 Name : mnuCreateFolder
2023/11/30 19:05:41 Name2 : mnuCreateFolder
2023/11/30 19:05:41 Name : mnuCreateLink
2023/11/30 19:05:41 Name2 : mnuCreateLink
2023/11/30 19:05:41 Name : mnuZip
2023/11/30 19:05:41 Name2 : mnuZip
2023/11/30 19:05:41 Name : mnuHashes
2023/11/30 19:05:41 Name2 : mnuHashes
2023/11/30 19:05:41 Name : mnuEncrypt
2023/11/30 19:05:41 Name2 : mnuEncrypt
2023/11/30 19:05:41 Name : mnuShowHiddenFiles
2023/11/30 19:05:41 Name2 : mnuShowHiddenFiles
2023/11/30 19:05:41 Name : mnuSort
2023/11/30 19:05:41 Name2 : mnuSort
2023/11/30 19:05:58 Name : mnuDelete
2023/11/30 19:05:58 Name2 : mnuDelete
2023/11/30 19:05:58 Name : mnuRename
2023/11/30 19:05:58 Name2 : mnuRename
2023/11/30 19:05:58 Name : mnuCreateFile
2023/11/30 19:05:58 Name2 : mnuCreateFile
2023/11/30 19:05:58 Name : mnuCreateFolder
2023/11/30 19:05:58 Name2 : mnuCreateFolder
2023/11/30 19:05:58 Name : mnuCreateLink
2023/11/30 19:05:58 Name2 : mnuCreateLink
2023/11/30 19:05:58 Name : mnuZip
2023/11/30 19:05:58 Name2 : mnuZip
2023/11/30 19:05:58 Name : mnuHashes
2023/11/30 19:05:58 Name2 : mnuHashes
2023/11/30 19:05:58 Name : mnuEncrypt
2023/11/30 19:05:58 Name2 : mnuEncrypt
2023/11/30 19:05:58 Name : mnuShowHiddenFiles
2023/11/30 19:05:58 Name2 : mnuShowHiddenFiles
2023/11/30 19:05:58 Name : mnuSort
2023/11/30 19:05:58 Name2 : mnuSort
2023/11/30 19:55:30 Name : mnuDelete
2023/11/30 19:55:30 Name2 : mnuDelete
2023/11/30 19:55:30 Name : mnuRename
2023/11/30 19:55:30 Name2 : mnuRename
2023/11/30 19:55:30 Name : mnuCreateFile
2023/11/30 19:55:30 Name2 : mnuCreateFile
2023/11/30 19:55:30 Name : mnuCreateFolder
2023/11/30 19:55:30 Name2 : mnuCreateFolder
2023/11/30 19:55:30 Name : mnuCreateLink
2023/11/30 19:55:30 Name2 : mnuCreateLink
2023/11/30 19:55:30 Name : mnuZip
2023/11/30 19:55:30 Name2 : mnuZip
2023/11/30 19:55:30 Name : mnuHashes
2023/11/30 19:55:30 Name2 : mnuHashes
2023/11/30 19:55:30 Name : mnuEncrypt
2023/11/30 19:55:30 Name2 : mnuEncrypt
2023/11/30 19:55:30 Name : mnuShowHiddenFiles
2023/11/30 19:55:30 Name2 : mnuShowHiddenFiles
2023/11/30 19:55:30 Name : mnuSort
2023/11/30 19:55:30 Name2 : mnuSort
2023/11/30 19:55:32 Name : mnuDelete
2023/11/30 19:55:32 Name2 : mnuDelete
2023/11/30 19:55:32 Name : mnuRename
2023/11/30 19:55:32 Name2 : mnuRename
2023/11/30 19:55:32 Name : mnuCreateFile
2023/11/30 19:55:32 Name2 : mnuCreateFile
2023/11/30 19:55:32 Name : mnuCreateFolder
2023/11/30 19:55:32 Name2 : mnuCreateFolder
2023/11/30 19:55:32 Name : mnuCreateLink
2023/11/30 19:55:32 Name2 : mnuCreateLink
2023/11/30 19:55:32 Name : mnuZip
2023/11/30 19:55:32 Name2 : mnuZip
2023/11/30 19:55:32 Name : mnuHashes
2023/11/30 19:55:32 Name2 : mnuHashes
2023/11/30 19:55:32 Name : mnuEncrypt
2023/11/30 19:55:32 Name2 : mnuEncrypt
2023/11/30 19:55:32 Name : mnuShowHiddenFiles
2023/11/30 19:55:32 Name2 : mnuShowHiddenFiles
2023/11/30 19:55:32 Name : mnuSort
2023/11/30 19:55:32 Name2 : mnuSort
2023/11/30 19:55:34 Name : mnuDelete
2023/11/30 19:55:34 Name2 : mnuDelete
2023/11/30 19:55:34 Name : mnuRename
2023/11/30 19:55:34 Name2 : mnuRename
2023/11/30 19:55:34 Name : mnuCreateFile
2023/11/30 19:55:34 Name2 : mnuCreateFile
2023/11/30 19:55:34 Name : mnuCreateFolder
2023/11/30 19:55:34 Name2 : mnuCreateFolder
2023/11/30 19:55:34 Name : mnuCreateLink
2023/11/30 19:55:34 Name2 : mnuCreateLink
2023/11/30 19:55:34 Name : mnuZip
2023/11/30 19:55:34 Name2 : mnuZip
2023/11/30 19:55:34 Name : mnuHashes
2023/11/30 19:55:34 Name2 : mnuHashes
2023/11/30 19:55:34 Name : mnuEncrypt
2023/11/30 19:55:34 Name2 : mnuEncrypt
2023/11/30 19:55:34 Name : mnuShowHiddenFiles
2023/11/30 19:55:34 Name2 : mnuShowHiddenFiles
2023/11/30 19:55:34 Name : mnuSort
2023/11/30 19:55:34 Name2 : mnuSort
2023/11/30 19:56:45 Name : mnuDelete
2023/11/30 19:56:45 Name2 : mnuDelete
2023/11/30 19:56:45 Name : mnuRename
2023/11/30 19:56:45 Name2 : mnuRename
2023/11/30 19:56:45 Name : mnuCreateFile
2023/11/30 19:56:45 Name2 : mnuCreateFile
2023/11/30 19:56:45 Name : mnuCreateFolder
2023/11/30 19:56:45 Name2 : mnuCreateFolder
2023/11/30 19:56:45 Name : mnuCreateLink
2023/11/30 19:56:45 Name2 : mnuCreateLink
2023/11/30 19:56:45 Name : mnuZip
2023/11/30 19:56:45 Name2 : mnuZip
2023/11/30 19:56:45 Name : mnuHashes
2023/11/30 19:56:45 Name2 : mnuHashes
2023/11/30 19:56:45 Name : mnuEncrypt
2023/11/30 19:56:45 Name2 : mnuEncrypt
2023/11/30 19:56:45 Name : mnuShowHiddenFiles
2023/11/30 19:56:45 Name2 : mnuShowHiddenFiles
2023/11/30 19:56:45 Name : mnuSort
2023/11/30 19:56:45 Name2 : mnuSort
2023/11/30 19:56:46 Name : mnuDelete
2023/11/30 19:56:46 Name2 : mnuDelete
2023/11/30 19:56:46 Name : mnuRename
2023/11/30 19:56:46 Name2 : mnuRename
2023/11/30 19:56:46 Name : mnuCreateFile
2023/11/30 19:56:46 Name2 : mnuCreateFile
2023/11/30 19:56:46 Name : mnuCreateFolder
2023/11/30 19:56:46 Name2 : mnuCreateFolder
2023/11/30 19:56:46 Name : mnuCreateLink
2023/11/30 19:56:46 Name2 : mnuCreateLink
2023/11/30 19:56:46 Name : mnuZip
2023/11/30 19:56:46 Name2 : mnuZip
2023/11/30 19:56:46 Name : mnuHashes
2023/11/30 19:56:46 Name2 : mnuHashes
2023/11/30 19:56:46 Name : mnuEncrypt
2023/11/30 19:56:46 Name2 : mnuEncrypt
2023/11/30 19:56:46 Name : mnuShowHiddenFiles
2023/11/30 19:56:46 Name2 : mnuShowHiddenFiles
2023/11/30 19:56:46 Name : mnuSort
2023/11/30 19:56:46 Name2 : mnuSort
2023/11/30 19:56:47 Name : mnuDelete
2023/11/30 19:56:47 Name2 : mnuDelete
2023/11/30 19:56:47 Name : mnuRename
2023/11/30 19:56:47 Name2 : mnuRename
2023/11/30 19:56:47 Name : mnuCreateFile
2023/11/30 19:56:47 Name2 : mnuCreateFile
2023/11/30 19:56:47 Name : mnuCreateFolder
2023/11/30 19:56:47 Name2 : mnuCreateFolder
2023/11/30 19:56:47 Name : mnuCreateLink
2023/11/30 19:56:47 Name2 : mnuCreateLink
2023/11/30 19:56:47 Name : mnuZip
2023/11/30 19:56:47 Name2 : mnuZip
2023/11/30 19:56:47 Name : mnuHashes
2023/11/30 19:56:47 Name2 : mnuHashes
2023/11/30 19:56:47 Name : mnuEncrypt
2023/11/30 19:56:47 Name2 : mnuEncrypt
2023/11/30 19:56:47 Name : mnuShowHiddenFiles
2023/11/30 19:56:47 Name2 : mnuShowHiddenFiles
2023/11/30 19:56:47 Name : mnuSort
2023/11/30 19:56:47 Name2 : mnuSort
2023/11/30 19:56:49 Name : mnuDelete
2023/11/30 19:56:49 Name2 : mnuDelete
2023/11/30 19:56:49 Name : mnuRename
2023/11/30 19:56:49 Name2 : mnuRename
2023/11/30 19:56:49 Name : mnuCreateFile
2023/11/30 19:56:49 Name2 : mnuCreateFile
2023/11/30 19:56:49 Name : mnuCreateFolder
2023/11/30 19:56:49 Name2 : mnuCreateFolder
2023/11/30 19:56:49 Name : mnuCreateLink
2023/11/30 19:56:49 Name2 : mnuCreateLink
2023/11/30 19:56:49 Name : mnuZip
2023/11/30 19:56:49 Name2 : mnuZip
2023/11/30 19:56:49 Name : mnuHashes
2023/11/30 19:56:49 Name2 : mnuHashes
2023/11/30 19:56:49 Name : mnuEncrypt
2023/11/30 19:56:49 Name2 : mnuEncrypt
2023/11/30 19:56:49 Name : mnuShowHiddenFiles
2023/11/30 19:56:49 Name2 : mnuShowHiddenFiles
2023/11/30 19:56:49 Name : mnuSort
2023/11/30 19:56:49 Name2 : mnuSort
2023/11/30 21:42:29 Name : mnuDelete
2023/11/30 21:42:29 Name2 : mnuDelete
2023/11/30 21:42:29 Name : mnuRename
2023/11/30 21:42:29 Name2 : mnuRename
2023/11/30 21:42:29 Name : mnuCreateFile
2023/11/30 21:42:29 Name2 : mnuCreateFile
2023/11/30 21:42:29 Name : mnuCreateFolder
2023/11/30 21:42:29 Name2 : mnuCreateFolder
2023/11/30 21:42:29 Name : mnuCreateLink
2023/11/30 21:42:29 Name2 : mnuCreateLink
2023/11/30 21:42:29 Name : mnuZip
2023/11/30 21:42:29 Name2 : mnuZip
2023/11/30 21:42:29 Name : mnuHashes
2023/11/30 21:42:29 Name2 : mnuHashes
2023/11/30 21:42:29 Name : mnuEncrypt
2023/11/30 21:42:29 Name2 : mnuEncrypt
2023/11/30 21:42:29 Name : mnuShowHiddenFiles
2023/11/30 21:42:29 Name2 : mnuShowHiddenFiles
2023/11/30 21:42:29 Name : mnuSort
2023/11/30 21:42:29 Name2 : mnuSort
2023/11/30 21:42:31 Name : mnuDelete
2023/11/30 21:42:31 Name2 : mnuDelete
2023/11/30 21:42:31 Name : mnuRename
2023/11/30 21:42:31 Name2 : mnuRename
2023/11/30 21:42:31 Name : mnuCreateFile
2023/11/30 21:42:31 Name2 : mnuCreateFile
2023/11/30 21:42:31 Name : mnuCreateFolder
2023/11/30 21:42:31 Name2 : mnuCreateFolder
2023/11/30 21:42:31 Name : mnuCreateLink
2023/11/30 21:42:31 Name2 : mnuCreateLink
2023/11/30 21:42:31 Name : mnuZip
2023/11/30 21:42:31 Name2 : mnuZip
2023/11/30 21:42:31 Name : mnuHashes
2023/11/30 21:42:31 Name2 : mnuHashes
2023/11/30 21:42:31 Name : mnuEncrypt
2023/11/30 21:42:31 Name2 : mnuEncrypt
2023/11/30 21:42:31 Name : mnuShowHiddenFiles
2023/11/30 21:42:31 Name2 : mnuShowHiddenFiles
2023/11/30 21:42:31 Name : mnuSort
2023/11/30 21:42:31 Name2 : mnuSort
2023/11/30 21:42:32 Name : mnuDelete
2023/11/30 21:42:32 Name2 : mnuDelete
2023/11/30 21:42:32 Name : mnuRename
2023/11/30 21:42:32 Name2 : mnuRename
2023/11/30 21:42:32 Name : mnuCreateFile
2023/11/30 21:42:32 Name2 : mnuCreateFile
2023/11/30 21:42:32 Name : mnuCreateFolder
2023/11/30 21:42:32 Name2 : mnuCreateFolder
2023/11/30 21:42:32 Name : mnuCreateLink
2023/11/30 21:42:32 Name2 : mnuCreateLink
2023/11/30 21:42:32 Name : mnuZip
2023/11/30 21:42:32 Name2 : mnuZip
2023/11/30 21:42:32 Name : mnuHashes
2023/11/30 21:42:32 Name2 : mnuHashes
2023/11/30 21:42:32 Name : mnuEncrypt
2023/11/30 21:42:32 Name2 : mnuEncrypt
2023/11/30 21:42:32 Name : mnuShowHiddenFiles
2023/11/30 21:42:32 Name2 : mnuShowHiddenFiles
2023/11/30 21:42:32 Name : mnuSort
2023/11/30 21:42:32 Name2 : mnuSort
2023/11/30 21:42:34 Name : mnuDelete
2023/11/30 21:42:34 Name2 : mnuDelete
2023/11/30 21:42:34 Name : mnuRename
2023/11/30 21:42:34 Name2 : mnuRename
2023/11/30 21:42:34 Name : mnuCreateFile
2023/11/30 21:42:34 Name2 : mnuCreateFile
2023/11/30 21:42:34 Name : mnuCreateFolder
2023/11/30 21:42:34 Name2 : mnuCreateFolder
2023/11/30 21:42:34 Name : mnuCreateLink
2023/11/30 21:42:34 Name2 : mnuCreateLink
2023/11/30 21:42:34 Name : mnuZip
2023/11/30 21:42:34 Name2 : mnuZip
2023/11/30 21:42:34 Name : mnuHashes
2023/11/30 21:42:34 Name2 : mnuHashes
2023/11/30 21:42:34 Name : mnuEncrypt
2023/11/30 21:42:34 Name2 : mnuEncrypt
2023/11/30 21:42:34 Name : mnuShowHiddenFiles
2023/11/30 21:42:34 Name2 : mnuShowHiddenFiles
2023/11/30 21:42:34 Name : mnuSort
2023/11/30 21:42:34 Name2 : mnuSort
2023/11/30 21:46:10 Name : mnuDelete
2023/11/30 21:46:10 Name2 : mnuDelete
2023/11/30 21:46:10 Name : mnuRename
2023/11/30 21:46:10 Name2 : mnuRename
2023/11/30 21:46:10 Name : mnuCreateFile
2023/11/30 21:46:10 Name2 : mnuCreateFile
2023/11/30 21:46:10 Name : mnuCreateFolder
2023/11/30 21:46:10 Name2 : mnuCreateFolder
2023/11/30 21:46:10 Name : mnuCreateLink
2023/11/30 21:46:10 Name2 : mnuCreateLink
2023/11/30 21:46:10 Name : mnuZip
2023/11/30 21:46:10 Name2 : mnuZip
2023/11/30 21:46:10 Name : mnuHashes
2023/11/30 21:46:10 Name2 : mnuHashes
2023/11/30 21:46:10 Name : mnuEncrypt
2023/11/30 21:46:10 Name2 : mnuEncrypt
2023/11/30 21:46:10 Name : mnuShowHiddenFiles
2023/11/30 21:46:10 Name2 : mnuShowHiddenFiles
2023/11/30 21:46:10 Name : mnuSort
2023/11/30 21:46:10 Name2 : mnuSort
2023/11/30 21:49:39 Name : mnuEdit
2023/11/30 21:49:39 Name2 : mnuEdit
2023/11/30 21:49:39 Name : mnuOpen
2023/11/30 21:49:39 Name2 : mnuOpen
2023/11/30 21:49:39 Name : mnuDelete
2023/11/30 21:49:39 Name2 : mnuDelete
2023/11/30 21:49:39 Name : mnuRename
2023/11/30 21:49:39 Name2 : mnuRename
2023/11/30 21:49:39 Name : mnuCreateFile
2023/11/30 21:49:39 Name2 : mnuCreateFile
2023/11/30 21:49:39 Name : mnuCreateFolder
2023/11/30 21:49:39 Name2 : mnuCreateFolder
2023/11/30 21:49:39 Name : mnuCreateLink
2023/11/30 21:49:39 Name2 : mnuCreateLink
2023/11/30 21:49:39 Name : mnuZip
2023/11/30 21:49:39 Name2 : mnuZip
2023/11/30 21:49:39 Name : mnuHashes
2023/11/30 21:49:39 Name2 : mnuHashes
2023/11/30 21:49:39 Name : mnuEncrypt
2023/11/30 21:49:39 Name2 : mnuEncrypt
2023/11/30 21:49:39 Name : mnuShowHiddenFiles
2023/11/30 21:49:39 Name2 : mnuShowHiddenFiles
2023/11/30 21:49:39 Name : mnuSort
2023/11/30 21:49:39 Name2 : mnuSort
2023/11/30 21:49:40 Name : mnuEdit
2023/11/30 21:49:40 Name2 : mnuEdit
2023/11/30 21:49:40 Name : mnuOpen
2023/11/30 21:49:40 Name2 : mnuOpen
2023/11/30 21:49:40 Name : mnuDelete
2023/11/30 21:49:40 Name2 : mnuDelete
2023/11/30 21:49:40 Name : mnuRename
2023/11/30 21:49:40 Name2 : mnuRename
2023/11/30 21:49:40 Name : mnuCreateFile
2023/11/30 21:49:40 Name2 : mnuCreateFile
2023/11/30 21:49:40 Name : mnuCreateFolder
2023/11/30 21:49:40 Name2 : mnuCreateFolder
2023/11/30 21:49:40 Name : mnuCreateLink
2023/11/30 21:49:40 Name2 : mnuCreateLink
2023/11/30 21:49:40 Name : mnuZip
2023/11/30 21:49:40 Name2 : mnuZip
2023/11/30 21:49:40 Name : mnuHashes
2023/11/30 21:49:40 Name2 : mnuHashes
2023/11/30 21:49:40 Name : mnuEncrypt
2023/11/30 21:49:40 Name2 : mnuEncrypt
2023/11/30 21:49:40 Name : mnuShowHiddenFiles
2023/11/30 21:49:40 Name2 : mnuShowHiddenFiles
2023/11/30 21:49:40 Name : mnuSort
2023/11/30 21:49:40 Name2 : mnuSort
2023/11/30 21:49:41 Name : mnuEdit
2023/11/30 21:49:41 Name2 : mnuEdit
2023/11/30 21:49:41 Name : mnuOpen
2023/11/30 21:49:41 Name2 : mnuOpen
2023/11/30 21:49:41 Name : mnuDelete
2023/11/30 21:49:41 Name2 : mnuDelete
2023/11/30 21:49:41 Name : mnuRename
2023/11/30 21:49:41 Name2 : mnuRename
2023/11/30 21:49:41 Name : mnuCreateFile
2023/11/30 21:49:41 Name2 : mnuCreateFile
2023/11/30 21:49:41 Name : mnuCreateFolder
2023/11/30 21:49:41 Name2 : mnuCreateFolder
2023/11/30 21:49:41 Name : mnuCreateLink
2023/11/30 21:49:41 Name2 : mnuCreateLink
2023/11/30 21:49:41 Name : mnuZip
2023/11/30 21:49:41 Name2 : mnuZip
2023/11/30 21:49:41 Name : mnuHashes
2023/11/30 21:49:41 Name2 : mnuHashes
2023/11/30 21:49:41 Name : mnuEncrypt
2023/11/30 21:49:41 Name2 : mnuEncrypt
2023/11/30 21:49:41 Name : mnuShowHiddenFiles
2023/11/30 21:49:41 Name2 : mnuShowHiddenFiles
2023/11/30 21:49:41 Name : mnuSort
2023/11/30 21:49:41 Name2 : mnuSort
2023/11/30 21:50:59 Name : mnuEdit
2023/11/30 21:50:59 Name2 : mnuEdit
2023/11/30 21:50:59 Name : mnuOpen
2023/11/30 21:50:59 Name2 : mnuOpen
2023/11/30 21:50:59 Name : mnuDelete
2023/11/30 21:50:59 Name2 : mnuDelete
2023/11/30 21:50:59 Name : mnuRename
2023/11/30 21:50:59 Name2 : mnuRename
2023/11/30 21:50:59 Name : mnuCreateFile
2023/11/30 21:50:59 Name2 : mnuCreateFile
2023/11/30 21:50:59 Name : mnuCreateFolder
2023/11/30 21:50:59 Name2 : mnuCreateFolder
2023/11/30 21:50:59 Name : mnuCreateLink
2023/11/30 21:50:59 Name2 : mnuCreateLink
2023/11/30 21:50:59 Name : mnuZip
2023/11/30 21:50:59 Name2 : mnuZip
2023/11/30 21:50:59 Name : mnuHashes
2023/11/30 21:50:59 Name2 : mnuHashes
2023/11/30 21:50:59 Name : mnuEncrypt
2023/11/30 21:50:59 Name2 : mnuEncrypt
2023/11/30 21:50:59 Name : mnuShowHiddenFiles
2023/11/30 21:50:59 Name2 : mnuShowHiddenFiles
2023/11/30 21:50:59 Name : mnuSort
2023/11/30 21:50:59 Name2 : mnuSort
2023/11/30 21:51:33 Name : mnuEdit
2023/11/30 21:51:33 Name2 : mnuEdit
2023/11/30 21:51:33 Name : mnuOpen
2023/11/30 21:51:33 Name2 : mnuOpen
2023/11/30 21:51:33 Name : mnuDelete
2023/11/30 21:51:33 Name2 : mnuDelete
2023/11/30 21:51:33 Name : mnuRename
2023/11/30 21:51:33 Name2 : mnuRename
2023/11/30 21:51:33 Name : mnuCreateFile
2023/11/30 21:51:33 Name2 : mnuCreateFile
2023/11/30 21:51:33 Name : mnuCreateFolder
2023/11/30 21:51:33 Name2 : mnuCreateFolder
2023/11/30 21:51:33 Name : mnuCreateLink
2023/11/30 21:51:33 Name2 : mnuCreateLink
2023/11/30 21:51:33 Name : mnuZip
2023/11/30 21:51:33 Name2 : mnuZip
2023/11/30 21:51:33 Name : mnuHashes
2023/11/30 21:51:33 Name2 : mnuHashes
2023/11/30 21:51:33 Name : mnuEncrypt
2023/11/30 21:51:33 Name2 : mnuEncrypt
2023/11/30 21:51:33 Name : mnuShowHiddenFiles
2023/11/30 21:51:33 Name2 : mnuShowHiddenFiles
2023/11/30 21:51:33 Name : mnuSort
2023/11/30 21:51:33 Name2 : mnuSort
2023/11/30 21:51:34 Name : mnuEdit
2023/11/30 21:51:34 Name2 : mnuEdit
2023/11/30 21:51:34 Name : mnuOpen
2023/11/30 21:51:34 Name2 : mnuOpen
2023/11/30 21:51:34 Name : mnuDelete
2023/11/30 21:51:34 Name2 : mnuDelete
2023/11/30 21:51:34 Name : mnuRename
2023/11/30 21:51:34 Name2 : mnuRename
2023/11/30 21:51:34 Name : mnuCreateFile
2023/11/30 21:51:34 Name2 : mnuCreateFile
2023/11/30 21:51:34 Name : mnuCreateFolder
2023/11/30 21:51:34 Name2 : mnuCreateFolder
2023/11/30 21:51:34 Name : mnuCreateLink
2023/11/30 21:51:34 Name2 : mnuCreateLink
2023/11/30 21:51:34 Name : mnuZip
2023/11/30 21:51:34 Name2 : mnuZip
2023/11/30 21:51:34 Name : mnuHashes
2023/11/30 21:51:34 Name2 : mnuHashes
2023/11/30 21:51:34 Name : mnuEncrypt
2023/11/30 21:51:34 Name2 : mnuEncrypt
2023/11/30 21:51:34 Name : mnuShowHiddenFiles
2023/11/30 21:51:34 Name2 : mnuShowHiddenFiles
2023/11/30 21:51:34 Name : mnuSort
2023/11/30 21:51:34 Name2 : mnuSort
2023/11/30 21:51:35 Name : mnuEdit
2023/11/30 21:51:35 Name2 : mnuEdit
2023/11/30 21:51:35 Name : mnuOpen
2023/11/30 21:51:35 Name2 : mnuOpen
2023/11/30 21:51:35 Name : mnuDelete
2023/11/30 21:51:35 Name2 : mnuDelete
2023/11/30 21:51:35 Name : mnuRename
2023/11/30 21:51:35 Name2 : mnuRename
2023/11/30 21:51:35 Name : mnuCreateFile
2023/11/30 21:51:35 Name2 : mnuCreateFile
2023/11/30 21:51:35 Name : mnuCreateFolder
2023/11/30 21:51:35 Name2 : mnuCreateFolder
2023/11/30 21:51:35 Name : mnuCreateLink
2023/11/30 21:51:35 Name2 : mnuCreateLink
2023/11/30 21:51:35 Name : mnuZip
2023/11/30 21:51:35 Name2 : mnuZip
2023/11/30 21:51:35 Name : mnuHashes
2023/11/30 21:51:35 Name2 : mnuHashes
2023/11/30 21:51:35 Name : mnuEncrypt
2023/11/30 21:51:35 Name2 : mnuEncrypt
2023/11/30 21:51:35 Name : mnuShowHiddenFiles
2023/11/30 21:51:35 Name2 : mnuShowHiddenFiles
2023/11/30 21:51:35 Name : mnuSort
2023/11/30 21:51:35 Name2 : mnuSort
2023/11/30 21:52:52 Name : mnuEdit
2023/11/30 21:52:52 Name2 : mnuEdit
2023/11/30 21:52:52 Name : mnuOpen
2023/11/30 21:52:52 Name2 : mnuOpen
2023/11/30 21:52:52 Name : mnuDelete
2023/11/30 21:52:52 Name2 : mnuDelete
2023/11/30 21:52:52 Name : mnuRename
2023/11/30 21:52:52 Name2 : mnuRename
2023/11/30 21:52:52 Name : mnuCreateFile
2023/11/30 21:52:52 Name2 : mnuCreateFile
2023/11/30 21:52:52 Name : mnuCreateFolder
2023/11/30 21:52:52 Name2 : mnuCreateFolder
2023/11/30 21:52:52 Name : mnuCreateLink
2023/11/30 21:52:52 Name2 : mnuCreateLink
2023/11/30 21:52:52 Name : mnuZip
2023/11/30 21:52:52 Name2 : mnuZip
2023/11/30 21:52:52 Name : mnuHashes
2023/11/30 21:52:52 Name2 : mnuHashes
2023/11/30 21:52:52 Name : mnuEncrypt
2023/11/30 21:52:52 Name2 : mnuEncrypt
2023/11/30 21:52:52 Name : mnuShowHiddenFiles
2023/11/30 21:52:52 Name2 : mnuShowHiddenFiles
2023/11/30 21:52:52 Name : mnuSort
2023/11/30 21:52:52 Name2 : mnuSort
2023/11/30 21:53:02 Name : mnuEdit
2023/11/30 21:53:02 Name2 : mnuEdit
2023/11/30 21:53:02 Name : mnuOpen
2023/11/30 21:53:02 Name2 : mnuOpen
2023/11/30 21:53:02 Name : mnuDelete
2023/11/30 21:53:02 Name2 : mnuDelete
2023/11/30 21:53:02 Name : mnuRename
2023/11/30 21:53:02 Name2 : mnuRename
2023/11/30 21:53:02 Name : mnuCreateFile
2023/11/30 21:53:02 Name2 : mnuCreateFile
2023/11/30 21:53:02 Name : mnuCreateFolder
2023/11/30 21:53:02 Name2 : mnuCreateFolder
2023/11/30 21:53:02 Name : mnuCreateLink
2023/11/30 21:53:02 Name2 : mnuCreateLink
2023/11/30 21:53:02 Name : mnuZip
2023/11/30 21:53:02 Name2 : mnuZip
2023/11/30 21:53:02 Name : mnuHashes
2023/11/30 21:53:02 Name2 : mnuHashes
2023/11/30 21:53:02 Name : mnuEncrypt
2023/11/30 21:53:02 Name2 : mnuEncrypt
2023/11/30 21:53:02 Name : mnuShowHiddenFiles
2023/11/30 21:53:02 Name2 : mnuShowHiddenFiles
2023/11/30 21:53:02 Name : mnuSort
2023/11/30 21:53:02 Name2 : mnuSort
2023/11/30 21:53:03 Name : mnuEdit
2023/11/30 21:53:03 Name2 : mnuEdit
2023/11/30 21:53:03 Name : mnuOpen
2023/11/30 21:53:03 Name2 : mnuOpen
2023/11/30 21:53:03 Name : mnuDelete
2023/11/30 21:53:03 Name2 : mnuDelete
2023/11/30 21:53:03 Name : mnuRename
2023/11/30 21:53:03 Name2 : mnuRename
2023/11/30 21:53:03 Name : mnuCreateFile
2023/11/30 21:53:03 Name2 : mnuCreateFile
2023/11/30 21:53:03 Name : mnuCreateFolder
2023/11/30 21:53:03 Name2 : mnuCreateFolder
2023/11/30 21:53:03 Name : mnuCreateLink
2023/11/30 21:53:03 Name2 : mnuCreateLink
2023/11/30 21:53:03 Name : mnuZip
2023/11/30 21:53:03 Name2 : mnuZip
2023/11/30 21:53:03 Name : mnuHashes
2023/11/30 21:53:03 Name2 : mnuHashes
2023/11/30 21:53:03 Name : mnuEncrypt
2023/11/30 21:53:03 Name2 : mnuEncrypt
2023/11/30 21:53:03 Name : mnuShowHiddenFiles
2023/11/30 21:53:03 Name2 : mnuShowHiddenFiles
2023/11/30 21:53:03 Name : mnuSort
2023/11/30 21:53:03 Name2 : mnuSort
2023/11/30 21:53:05 Name : mnuEdit
2023/11/30 21:53:05 Name2 : mnuEdit
2023/11/30 21:53:05 Name : mnuOpen
2023/11/30 21:53:05 Name2 : mnuOpen
2023/11/30 21:53:05 Name : mnuDelete
2023/11/30 21:53:05 Name2 : mnuDelete
2023/11/30 21:53:05 Name : mnuRename
2023/11/30 21:53:05 Name2 : mnuRename
2023/11/30 21:53:05 Name : mnuCreateFile
2023/11/30 21:53:05 Name2 : mnuCreateFile
2023/11/30 21:53:05 Name : mnuCreateFolder
2023/11/30 21:53:05 Name2 : mnuCreateFolder
2023/11/30 21:53:05 Name : mnuCreateLink
2023/11/30 21:53:05 Name2 : mnuCreateLink
2023/11/30 21:53:05 Name : mnuZip
2023/11/30 21:53:05 Name2 : mnuZip
2023/11/30 21:53:05 Name : mnuHashes
2023/11/30 21:53:05 Name2 : mnuHashes
2023/11/30 21:53:05 Name : mnuEncrypt
2023/11/30 21:53:05 Name2 : mnuEncrypt
2023/11/30 21:53:05 Name : mnuShowHiddenFiles
2023/11/30 21:53:05 Name2 : mnuShowHiddenFiles
2023/11/30 21:53:05 Name : mnuSort
2023/11/30 21:53:05 Name2 : mnuSort
